{"/home/charlie/Projects/smart-todo-app/backend/middleware/authMiddleware.js": {"path":"/home/charlie/Projects/smart-todo-app/backend/middleware/authMiddleware.js","statementMap":{"0":{"start":{"line":1,"column":12},"end":{"line":1,"column":35}},"1":{"start":{"line":2,"column":13},"end":{"line":2,"column":38}},"2":{"start":{"line":4,"column":23},"end":{"line":24,"column":1}},"3":{"start":{"line":5,"column":2},"end":{"line":23,"column":3}},"4":{"start":{"line":6,"column":18},"end":{"line":6,"column":69}},"5":{"start":{"line":8,"column":4},"end":{"line":10,"column":5}},"6":{"start":{"line":9,"column":6},"end":{"line":9,"column":81}},"7":{"start":{"line":12,"column":20},"end":{"line":12,"column":61}},"8":{"start":{"line":13,"column":17},"end":{"line":13,"column":72}},"9":{"start":{"line":15,"column":4},"end":{"line":17,"column":5}},"10":{"start":{"line":16,"column":6},"end":{"line":16,"column":69}},"11":{"start":{"line":19,"column":4},"end":{"line":19,"column":20}},"12":{"start":{"line":20,"column":4},"end":{"line":20,"column":11}},"13":{"start":{"line":22,"column":4},"end":{"line":22,"column":60}},"14":{"start":{"line":26,"column":0},"end":{"line":26,"column":32}}},"fnMap":{"0":{"name":"(anonymous_0)","decl":{"start":{"line":4,"column":23},"end":{"line":4,"column":24}},"loc":{"start":{"line":4,"column":49},"end":{"line":24,"column":1}},"line":4}},"branchMap":{"0":{"loc":{"start":{"line":8,"column":4},"end":{"line":10,"column":5}},"type":"if","locations":[{"start":{"line":8,"column":4},"end":{"line":10,"column":5}},{"start":{},"end":{}}],"line":8},"1":{"loc":{"start":{"line":15,"column":4},"end":{"line":17,"column":5}},"type":"if","locations":[{"start":{"line":15,"column":4},"end":{"line":17,"column":5}},{"start":{},"end":{}}],"line":15}},"s":{"0":2,"1":2,"2":2,"3":30,"4":30,"5":30,"6":6,"7":24,"8":23,"9":23,"10":0,"11":23,"12":23,"13":1,"14":2},"f":{"0":30},"b":{"0":[6,24],"1":[0,23]},"_coverageSchema":"1a1c01bbd47fc00a2c39e90264f33305004495a9","hash":"aede4a37503b112f3eea596c630f1a7d6dd83498"}
,"/home/charlie/Projects/smart-todo-app/backend/middleware/errorHandler.js": {"path":"/home/charlie/Projects/smart-todo-app/backend/middleware/errorHandler.js","statementMap":{"0":{"start":{"line":1,"column":15},"end":{"line":1,"column":42}},"1":{"start":{"line":4,"column":21},"end":{"line":30,"column":1}},"2":{"start":{"line":6,"column":2},"end":{"line":13,"column":5}},"3":{"start":{"line":16,"column":21},"end":{"line":16,"column":56}},"4":{"start":{"line":19,"column":24},"end":{"line":22,"column":3}},"5":{"start":{"line":25,"column":2},"end":{"line":27,"column":3}},"6":{"start":{"line":26,"column":4},"end":{"line":26,"column":84}},"7":{"start":{"line":29,"column":2},"end":{"line":29,"column":45}},"8":{"start":{"line":33,"column":24},"end":{"line":37,"column":1}},"9":{"start":{"line":34,"column":16},"end":{"line":34,"column":59}},"10":{"start":{"line":35,"column":2},"end":{"line":35,"column":25}},"11":{"start":{"line":36,"column":2},"end":{"line":36,"column":14}},"12":{"start":{"line":40,"column":21},"end":{"line":42,"column":1}},"13":{"start":{"line":40,"column":29},"end":{"line":42,"column":1}},"14":{"start":{"line":41,"column":2},"end":{"line":41,"column":50}},"15":{"start":{"line":44,"column":0},"end":{"line":48,"column":2}}},"fnMap":{"0":{"name":"(anonymous_0)","decl":{"start":{"line":4,"column":21},"end":{"line":4,"column":22}},"loc":{"start":{"line":4,"column":46},"end":{"line":30,"column":1}},"line":4},"1":{"name":"(anonymous_1)","decl":{"start":{"line":33,"column":24},"end":{"line":33,"column":25}},"loc":{"start":{"line":33,"column":44},"end":{"line":37,"column":1}},"line":33},"2":{"name":"(anonymous_2)","decl":{"start":{"line":40,"column":21},"end":{"line":40,"column":22}},"loc":{"start":{"line":40,"column":29},"end":{"line":42,"column":1}},"line":40},"3":{"name":"(anonymous_3)","decl":{"start":{"line":40,"column":29},"end":{"line":40,"column":30}},"loc":{"start":{"line":40,"column":49},"end":{"line":42,"column":1}},"line":40}},"branchMap":{"0":{"loc":{"start":{"line":12,"column":10},"end":{"line":12,"column":53}},"type":"cond-expr","locations":[{"start":{"line":12,"column":21},"end":{"line":12,"column":33}},{"start":{"line":12,"column":36},"end":{"line":12,"column":53}}],"line":12},"1":{"loc":{"start":{"line":16,"column":21},"end":{"line":16,"column":56}},"type":"binary-expr","locations":[{"start":{"line":16,"column":21},"end":{"line":16,"column":35}},{"start":{"line":16,"column":39},"end":{"line":16,"column":49}},{"start":{"line":16,"column":53},"end":{"line":16,"column":56}}],"line":16},"2":{"loc":{"start":{"line":20,"column":13},"end":{"line":20,"column":51}},"type":"binary-expr","locations":[{"start":{"line":20,"column":13},"end":{"line":20,"column":24}},{"start":{"line":20,"column":28},"end":{"line":20,"column":51}}],"line":20},"3":{"loc":{"start":{"line":21,"column":8},"end":{"line":21,"column":70}},"type":"binary-expr","locations":[{"start":{"line":21,"column":8},"end":{"line":21,"column":46}},{"start":{"line":21,"column":50},"end":{"line":21,"column":70}}],"line":21},"4":{"loc":{"start":{"line":25,"column":2},"end":{"line":27,"column":3}},"type":"if","locations":[{"start":{"line":25,"column":2},"end":{"line":27,"column":3}},{"start":{},"end":{}}],"line":25},"5":{"loc":{"start":{"line":25,"column":6},"end":{"line":25,"column":65}},"type":"binary-expr","locations":[{"start":{"line":25,"column":6},"end":{"line":25,"column":24}},{"start":{"line":25,"column":28},"end":{"line":25,"column":65}}],"line":25}},"s":{"0":2,"1":2,"2":0,"3":0,"4":0,"5":0,"6":0,"7":0,"8":2,"9":0,"10":0,"11":0,"12":2,"13":9,"14":22,"15":2},"f":{"0":0,"1":0,"2":9,"3":22},"b":{"0":[0,0],"1":[0,0,0],"2":[0,0],"3":[0,0],"4":[0,0],"5":[0,0]},"_coverageSchema":"1a1c01bbd47fc00a2c39e90264f33305004495a9","hash":"0f0711dfc5e6bf793984c934c1c84828cc1eb7c2"}
,"/home/charlie/Projects/smart-todo-app/backend/middleware/rateLimiter.js": {"path":"/home/charlie/Projects/smart-todo-app/backend/middleware/rateLimiter.js","statementMap":{"0":{"start":{"line":1,"column":18},"end":{"line":1,"column":47}},"1":{"start":{"line":2,"column":15},"end":{"line":2,"column":42}},"2":{"start":{"line":23,"column":23},"end":{"line":27,"column":1}},"3":{"start":{"line":30,"column":25},"end":{"line":38,"column":1}},"4":{"start":{"line":31,"column":2},"end":{"line":35,"column":5}},"5":{"start":{"line":37,"column":2},"end":{"line":37,"column":39}},"6":{"start":{"line":41,"column":31},"end":{"line":43,"column":1}},"7":{"start":{"line":42,"column":2},"end":{"line":42,"column":30}},"8":{"start":{"line":50,"column":19},"end":{"line":62,"column":2}},"9":{"start":{"line":60,"column":4},"end":{"line":60,"column":43}},"10":{"start":{"line":69,"column":20},"end":{"line":95,"column":2}},"11":{"start":{"line":78,"column":4},"end":{"line":83,"column":7}},"12":{"start":{"line":85,"column":4},"end":{"line":89,"column":7}},"13":{"start":{"line":94,"column":17},"end":{"line":94,"column":48}},"14":{"start":{"line":102,"column":18},"end":{"line":126,"column":2}},"15":{"start":{"line":111,"column":4},"end":{"line":115,"column":7}},"16":{"start":{"line":117,"column":4},"end":{"line":121,"column":7}},"17":{"start":{"line":125,"column":17},"end":{"line":125,"column":48}},"18":{"start":{"line":132,"column":22},"end":{"line":144,"column":2}},"19":{"start":{"line":143,"column":17},"end":{"line":143,"column":48}},"20":{"start":{"line":151,"column":26},"end":{"line":162,"column":1}},"21":{"start":{"line":152,"column":2},"end":{"line":161,"column":5}},"22":{"start":{"line":159,"column":19},"end":{"line":159,"column":50}},"23":{"start":{"line":164,"column":0},"end":{"line":170,"column":2}}},"fnMap":{"0":{"name":"(anonymous_0)","decl":{"start":{"line":30,"column":25},"end":{"line":30,"column":26}},"loc":{"start":{"line":30,"column":39},"end":{"line":38,"column":1}},"line":30},"1":{"name":"(anonymous_1)","decl":{"start":{"line":41,"column":31},"end":{"line":41,"column":32}},"loc":{"start":{"line":41,"column":45},"end":{"line":43,"column":1}},"line":41},"2":{"name":"(anonymous_2)","decl":{"start":{"line":58,"column":8},"end":{"line":58,"column":9}},"loc":{"start":{"line":58,"column":17},"end":{"line":61,"column":3}},"line":58},"3":{"name":"(anonymous_3)","decl":{"start":{"line":77,"column":11},"end":{"line":77,"column":12}},"loc":{"start":{"line":77,"column":25},"end":{"line":90,"column":3}},"line":77},"4":{"name":"(anonymous_4)","decl":{"start":{"line":94,"column":8},"end":{"line":94,"column":9}},"loc":{"start":{"line":94,"column":17},"end":{"line":94,"column":48}},"line":94},"5":{"name":"(anonymous_5)","decl":{"start":{"line":110,"column":11},"end":{"line":110,"column":12}},"loc":{"start":{"line":110,"column":25},"end":{"line":122,"column":3}},"line":110},"6":{"name":"(anonymous_6)","decl":{"start":{"line":125,"column":8},"end":{"line":125,"column":9}},"loc":{"start":{"line":125,"column":17},"end":{"line":125,"column":48}},"line":125},"7":{"name":"(anonymous_7)","decl":{"start":{"line":143,"column":8},"end":{"line":143,"column":9}},"loc":{"start":{"line":143,"column":17},"end":{"line":143,"column":48}},"line":143},"8":{"name":"(anonymous_8)","decl":{"start":{"line":151,"column":26},"end":{"line":151,"column":27}},"loc":{"start":{"line":151,"column":44},"end":{"line":162,"column":1}},"line":151},"9":{"name":"(anonymous_9)","decl":{"start":{"line":159,"column":10},"end":{"line":159,"column":11}},"loc":{"start":{"line":159,"column":19},"end":{"line":159,"column":50}},"line":159}},"branchMap":{"0":{"loc":{"start":{"line":151,"column":27},"end":{"line":151,"column":39}},"type":"default-arg","locations":[{"start":{"line":151,"column":37},"end":{"line":151,"column":39}}],"line":151},"1":{"loc":{"start":{"line":153,"column":14},"end":{"line":153,"column":48}},"type":"binary-expr","locations":[{"start":{"line":153,"column":14},"end":{"line":153,"column":30}},{"start":{"line":153,"column":34},"end":{"line":153,"column":48}}],"line":153},"2":{"loc":{"start":{"line":154,"column":9},"end":{"line":154,"column":27}},"type":"binary-expr","locations":[{"start":{"line":154,"column":9},"end":{"line":154,"column":20}},{"start":{"line":154,"column":24},"end":{"line":154,"column":27}}],"line":154},"3":{"loc":{"start":{"line":155,"column":13},"end":{"line":155,"column":46}},"type":"binary-expr","locations":[{"start":{"line":155,"column":13},"end":{"line":155,"column":28}},{"start":{"line":155,"column":32},"end":{"line":155,"column":46}}],"line":155},"4":{"loc":{"start":{"line":156,"column":13},"end":{"line":156,"column":48}},"type":"binary-expr","locations":[{"start":{"line":156,"column":13},"end":{"line":156,"column":28}},{"start":{"line":156,"column":32},"end":{"line":156,"column":48}}],"line":156}},"s":{"0":0,"1":0,"2":0,"3":0,"4":0,"5":0,"6":0,"7":0,"8":0,"9":0,"10":0,"11":0,"12":0,"13":0,"14":0,"15":0,"16":0,"17":0,"18":0,"19":0,"20":0,"21":0,"22":0,"23":0},"f":{"0":0,"1":0,"2":0,"3":0,"4":0,"5":0,"6":0,"7":0,"8":0,"9":0},"b":{"0":[0],"1":[0,0],"2":[0,0],"3":[0,0],"4":[0,0]}}
,"/home/charlie/Projects/smart-todo-app/backend/middleware/validation.js": {"path":"/home/charlie/Projects/smart-todo-app/backend/middleware/validation.js","statementMap":{"0":{"start":{"line":1,"column":12},"end":{"line":1,"column":26}},"1":{"start":{"line":2,"column":15},"end":{"line":2,"column":42}},"2":{"start":{"line":5,"column":17},"end":{"line":35,"column":1}},"3":{"start":{"line":6,"column":2},"end":{"line":34,"column":4}},"4":{"start":{"line":7,"column":29},"end":{"line":10,"column":6}},"5":{"start":{"line":12,"column":4},"end":{"line":29,"column":5}},"6":{"start":{"line":13,"column":21},"end":{"line":16,"column":9}},"7":{"start":{"line":13,"column":52},"end":{"line":16,"column":7}},"8":{"start":{"line":18,"column":6},"end":{"line":23,"column":9}},"9":{"start":{"line":25,"column":6},"end":{"line":28,"column":9}},"10":{"start":{"line":32,"column":4},"end":{"line":32,"column":21}},"11":{"start":{"line":33,"column":4},"end":{"line":33,"column":11}},"12":{"start":{"line":38,"column":17},"end":{"line":71,"column":1}},"13":{"start":{"line":74,"column":20},"end":{"line":86,"column":1}},"14":{"start":{"line":89,"column":20},"end":{"line":156,"column":1}},"15":{"start":{"line":159,"column":26},"end":{"line":170,"column":1}},"16":{"start":{"line":173,"column":18},"end":{"line":193,"column":1}},"17":{"start":{"line":195,"column":0},"end":{"line":202,"column":2}}},"fnMap":{"0":{"name":"(anonymous_0)","decl":{"start":{"line":5,"column":17},"end":{"line":5,"column":18}},"loc":{"start":{"line":5,"column":29},"end":{"line":35,"column":1}},"line":5},"1":{"name":"(anonymous_1)","decl":{"start":{"line":6,"column":9},"end":{"line":6,"column":10}},"loc":{"start":{"line":6,"column":29},"end":{"line":34,"column":3}},"line":6},"2":{"name":"(anonymous_2)","decl":{"start":{"line":13,"column":39},"end":{"line":13,"column":40}},"loc":{"start":{"line":13,"column":52},"end":{"line":16,"column":7}},"line":13}},"branchMap":{"0":{"loc":{"start":{"line":12,"column":4},"end":{"line":29,"column":5}},"type":"if","locations":[{"start":{"line":12,"column":4},"end":{"line":29,"column":5}},{"start":{},"end":{}}],"line":12}},"s":{"0":3,"1":3,"2":3,"3":7,"4":30,"5":30,"6":15,"7":22,"8":15,"9":15,"10":15,"11":15,"12":3,"13":3,"14":3,"15":3,"16":3,"17":3},"f":{"0":7,"1":30,"2":22},"b":{"0":[15,15]},"_coverageSchema":"1a1c01bbd47fc00a2c39e90264f33305004495a9","hash":"8015a2a6509dc4f3eff09a9d0113edcdb83f0832"}
,"/home/charlie/Projects/smart-todo-app/backend/models/SharedList.js": {"path":"/home/charlie/Projects/smart-todo-app/backend/models/SharedList.js","statementMap":{"0":{"start":{"line":1,"column":17},"end":{"line":1,"column":36}},"1":{"start":{"line":3,"column":25},"end":{"line":57,"column":2}},"2":{"start":{"line":60,"column":0},"end":{"line":60,"column":37}},"3":{"start":{"line":61,"column":0},"end":{"line":61,"column":46}},"4":{"start":{"line":62,"column":0},"end":{"line":62,"column":54}},"5":{"start":{"line":65,"column":0},"end":{"line":68,"column":3}},"6":{"start":{"line":66,"column":2},"end":{"line":66,"column":30}},"7":{"start":{"line":67,"column":2},"end":{"line":67,"column":9}},"8":{"start":{"line":71,"column":0},"end":{"line":86,"column":3}},"9":{"start":{"line":73,"column":2},"end":{"line":84,"column":3}},"10":{"start":{"line":74,"column":24},"end":{"line":76,"column":5}},"11":{"start":{"line":75,"column":16},"end":{"line":75,"column":64}},"12":{"start":{"line":78,"column":4},"end":{"line":83,"column":5}},"13":{"start":{"line":79,"column":6},"end":{"line":82,"column":9}},"14":{"start":{"line":85,"column":2},"end":{"line":85,"column":9}},"15":{"start":{"line":89,"column":0},"end":{"line":93,"column":2}},"16":{"start":{"line":90,"column":2},"end":{"line":92,"column":4}},"17":{"start":{"line":91,"column":14},"end":{"line":91,"column":58}},"18":{"start":{"line":96,"column":0},"end":{"line":101,"column":2}},"19":{"start":{"line":97,"column":17},"end":{"line":99,"column":3}},"20":{"start":{"line":98,"column":9},"end":{"line":98,"column":48}},"21":{"start":{"line":100,"column":2},"end":{"line":100,"column":37}},"22":{"start":{"line":104,"column":0},"end":{"line":107,"column":2}},"23":{"start":{"line":105,"column":15},"end":{"line":105,"column":39}},"24":{"start":{"line":106,"column":2},"end":{"line":106,"column":47}},"25":{"start":{"line":109,"column":0},"end":{"line":109,"column":64}}},"fnMap":{"0":{"name":"(anonymous_0)","decl":{"start":{"line":65,"column":29},"end":{"line":65,"column":30}},"loc":{"start":{"line":65,"column":44},"end":{"line":68,"column":1}},"line":65},"1":{"name":"(anonymous_1)","decl":{"start":{"line":71,"column":29},"end":{"line":71,"column":30}},"loc":{"start":{"line":71,"column":44},"end":{"line":86,"column":1}},"line":71},"2":{"name":"(anonymous_2)","decl":{"start":{"line":75,"column":6},"end":{"line":75,"column":7}},"loc":{"start":{"line":75,"column":16},"end":{"line":75,"column":64}},"line":75},"3":{"name":"(anonymous_3)","decl":{"start":{"line":89,"column":36},"end":{"line":89,"column":37}},"loc":{"start":{"line":89,"column":53},"end":{"line":93,"column":1}},"line":89},"4":{"name":"(anonymous_4)","decl":{"start":{"line":91,"column":4},"end":{"line":91,"column":5}},"loc":{"start":{"line":91,"column":14},"end":{"line":91,"column":58}},"line":91},"5":{"name":"(anonymous_5)","decl":{"start":{"line":96,"column":39},"end":{"line":96,"column":40}},"loc":{"start":{"line":96,"column":56},"end":{"line":101,"column":1}},"line":96},"6":{"name":"(anonymous_6)","decl":{"start":{"line":98,"column":4},"end":{"line":98,"column":5}},"loc":{"start":{"line":98,"column":9},"end":{"line":98,"column":48}},"line":98},"7":{"name":"(anonymous_7)","decl":{"start":{"line":104,"column":35},"end":{"line":104,"column":36}},"loc":{"start":{"line":104,"column":52},"end":{"line":107,"column":1}},"line":104}},"branchMap":{"0":{"loc":{"start":{"line":73,"column":2},"end":{"line":84,"column":3}},"type":"if","locations":[{"start":{"line":73,"column":2},"end":{"line":84,"column":3}},{"start":{},"end":{}}],"line":73},"1":{"loc":{"start":{"line":78,"column":4},"end":{"line":83,"column":5}},"type":"if","locations":[{"start":{"line":78,"column":4},"end":{"line":83,"column":5}},{"start":{},"end":{}}],"line":78},"2":{"loc":{"start":{"line":100,"column":9},"end":{"line":100,"column":36}},"type":"cond-expr","locations":[{"start":{"line":100,"column":18},"end":{"line":100,"column":29}},{"start":{"line":100,"column":32},"end":{"line":100,"column":36}}],"line":100},"3":{"loc":{"start":{"line":106,"column":9},"end":{"line":106,"column":46}},"type":"binary-expr","locations":[{"start":{"line":106,"column":9},"end":{"line":106,"column":25}},{"start":{"line":106,"column":29},"end":{"line":106,"column":46}}],"line":106}},"s":{"0":0,"1":0,"2":0,"3":0,"4":0,"5":0,"6":0,"7":0,"8":0,"9":0,"10":0,"11":0,"12":0,"13":0,"14":0,"15":0,"16":0,"17":0,"18":0,"19":0,"20":0,"21":0,"22":0,"23":0,"24":0,"25":0},"f":{"0":0,"1":0,"2":0,"3":0,"4":0,"5":0,"6":0,"7":0},"b":{"0":[0,0],"1":[0,0],"2":[0,0],"3":[0,0]}}
,"/home/charlie/Projects/smart-todo-app/backend/models/Todo.js": {"path":"/home/charlie/Projects/smart-todo-app/backend/models/Todo.js","statementMap":{"0":{"start":{"line":1,"column":17},"end":{"line":1,"column":36}},"1":{"start":{"line":3,"column":19},"end":{"line":107,"column":2}},"2":{"start":{"line":110,"column":0},"end":{"line":110,"column":44}},"3":{"start":{"line":111,"column":0},"end":{"line":111,"column":42}},"4":{"start":{"line":112,"column":0},"end":{"line":112,"column":43}},"5":{"start":{"line":113,"column":0},"end":{"line":113,"column":43}},"6":{"start":{"line":114,"column":0},"end":{"line":114,"column":36}},"7":{"start":{"line":115,"column":0},"end":{"line":115,"column":37}},"8":{"start":{"line":116,"column":0},"end":{"line":116,"column":36}},"9":{"start":{"line":119,"column":0},"end":{"line":128,"column":3}},"10":{"start":{"line":120,"column":2},"end":{"line":126,"column":3}},"11":{"start":{"line":121,"column":4},"end":{"line":125,"column":5}},"12":{"start":{"line":122,"column":6},"end":{"line":122,"column":36}},"13":{"start":{"line":124,"column":6},"end":{"line":124,"column":30}},"14":{"start":{"line":127,"column":2},"end":{"line":127,"column":9}},"15":{"start":{"line":130,"column":0},"end":{"line":130,"column":52}}},"fnMap":{"0":{"name":"(anonymous_0)","decl":{"start":{"line":119,"column":23},"end":{"line":119,"column":24}},"loc":{"start":{"line":119,"column":38},"end":{"line":128,"column":1}},"line":119}},"branchMap":{"0":{"loc":{"start":{"line":120,"column":2},"end":{"line":126,"column":3}},"type":"if","locations":[{"start":{"line":120,"column":2},"end":{"line":126,"column":3}},{"start":{},"end":{}}],"line":120},"1":{"loc":{"start":{"line":121,"column":4},"end":{"line":125,"column":5}},"type":"if","locations":[{"start":{"line":121,"column":4},"end":{"line":125,"column":5}},{"start":{"line":123,"column":11},"end":{"line":125,"column":5}}],"line":121}},"s":{"0":2,"1":2,"2":2,"3":2,"4":2,"5":2,"6":2,"7":2,"8":2,"9":2,"10":74,"11":31,"12":12,"13":19,"14":74,"15":2},"f":{"0":74},"b":{"0":[31,43],"1":[12,19]},"_coverageSchema":"1a1c01bbd47fc00a2c39e90264f33305004495a9","hash":"ed374af9c66b8b2b49a99729ceabe84d50bc894c"}
,"/home/charlie/Projects/smart-todo-app/backend/models/User.js": {"path":"/home/charlie/Projects/smart-todo-app/backend/models/User.js","statementMap":{"0":{"start":{"line":1,"column":17},"end":{"line":1,"column":36}},"1":{"start":{"line":2,"column":15},"end":{"line":2,"column":34}},"2":{"start":{"line":4,"column":19},"end":{"line":25,"column":2}},"3":{"start":{"line":28,"column":0},"end":{"line":28,"column":49}},"4":{"start":{"line":29,"column":0},"end":{"line":29,"column":52}},"5":{"start":{"line":32,"column":0},"end":{"line":42,"column":3}},"6":{"start":{"line":33,"column":2},"end":{"line":33,"column":50}},"7":{"start":{"line":33,"column":36},"end":{"line":33,"column":50}},"8":{"start":{"line":35,"column":2},"end":{"line":41,"column":3}},"9":{"start":{"line":36,"column":17},"end":{"line":36,"column":41}},"10":{"start":{"line":37,"column":4},"end":{"line":37,"column":59}},"11":{"start":{"line":38,"column":4},"end":{"line":38,"column":11}},"12":{"start":{"line":40,"column":4},"end":{"line":40,"column":16}},"13":{"start":{"line":45,"column":0},"end":{"line":47,"column":2}},"14":{"start":{"line":46,"column":2},"end":{"line":46,"column":64}},"15":{"start":{"line":49,"column":0},"end":{"line":49,"column":52}}},"fnMap":{"0":{"name":"(anonymous_0)","decl":{"start":{"line":32,"column":23},"end":{"line":32,"column":24}},"loc":{"start":{"line":32,"column":44},"end":{"line":42,"column":1}},"line":32},"1":{"name":"(anonymous_1)","decl":{"start":{"line":45,"column":37},"end":{"line":45,"column":38}},"loc":{"start":{"line":45,"column":71},"end":{"line":47,"column":1}},"line":45}},"branchMap":{"0":{"loc":{"start":{"line":33,"column":2},"end":{"line":33,"column":50}},"type":"if","locations":[{"start":{"line":33,"column":2},"end":{"line":33,"column":50}},{"start":{},"end":{}}],"line":33}},"s":{"0":4,"1":4,"2":4,"3":4,"4":4,"5":4,"6":83,"7":2,"8":81,"9":81,"10":81,"11":81,"12":0,"13":4,"14":6,"15":4},"f":{"0":83,"1":6},"b":{"0":[2,81]},"_coverageSchema":"1a1c01bbd47fc00a2c39e90264f33305004495a9","hash":"f2bf48048501d6e65992eb04b3a89987fb2e09a3"}
,"/home/charlie/Projects/smart-todo-app/backend/routes/ai.js": {"path":"/home/charlie/Projects/smart-todo-app/backend/routes/ai.js","statementMap":{"0":{"start":{"line":1,"column":16},"end":{"line":1,"column":34}},"1":{"start":{"line":2,"column":23},"end":{"line":2,"column":62}},"2":{"start":{"line":3,"column":70},"end":{"line":3,"column":99}},"3":{"start":{"line":4,"column":32},"end":{"line":4,"column":67}},"4":{"start":{"line":5,"column":25},"end":{"line":5,"column":62}},"5":{"start":{"line":6,"column":15},"end":{"line":6,"column":42}},"6":{"start":{"line":8,"column":15},"end":{"line":8,"column":31}},"7":{"start":{"line":11,"column":0},"end":{"line":11,"column":27}},"8":{"start":{"line":19,"column":0},"end":{"line":33,"column":4}},"9":{"start":{"line":20,"column":20},"end":{"line":20,"column":28}},"10":{"start":{"line":22,"column":2},"end":{"line":27,"column":3}},"11":{"start":{"line":23,"column":4},"end":{"line":23,"column":82}},"12":{"start":{"line":24,"column":4},"end":{"line":26,"column":7}},"13":{"start":{"line":29,"column":2},"end":{"line":29,"column":64}},"14":{"start":{"line":31,"column":17},"end":{"line":31,"column":39}},"15":{"start":{"line":32,"column":2},"end":{"line":32,"column":19}},"16":{"start":{"line":41,"column":0},"end":{"line":54,"column":4}},"17":{"start":{"line":42,"column":42},"end":{"line":42,"column":50}},"18":{"start":{"line":44,"column":2},"end":{"line":48,"column":3}},"19":{"start":{"line":45,"column":4},"end":{"line":47,"column":7}},"20":{"start":{"line":50,"column":2},"end":{"line":50,"column":71}},"21":{"start":{"line":52,"column":19},"end":{"line":52,"column":69}},"22":{"start":{"line":53,"column":2},"end":{"line":53,"column":25}},"23":{"start":{"line":62,"column":0},"end":{"line":75,"column":4}},"24":{"start":{"line":63,"column":33},"end":{"line":63,"column":41}},"25":{"start":{"line":65,"column":2},"end":{"line":69,"column":3}},"26":{"start":{"line":66,"column":4},"end":{"line":68,"column":7}},"27":{"start":{"line":71,"column":2},"end":{"line":71,"column":68}},"28":{"start":{"line":73,"column":19},"end":{"line":73,"column":58}},"29":{"start":{"line":74,"column":2},"end":{"line":74,"column":25}},"30":{"start":{"line":83,"column":0},"end":{"line":96,"column":4}},"31":{"start":{"line":84,"column":33},"end":{"line":84,"column":41}},"32":{"start":{"line":86,"column":2},"end":{"line":90,"column":3}},"33":{"start":{"line":87,"column":4},"end":{"line":89,"column":7}},"34":{"start":{"line":92,"column":2},"end":{"line":92,"column":69}},"35":{"start":{"line":94,"column":19},"end":{"line":94,"column":59}},"36":{"start":{"line":95,"column":2},"end":{"line":95,"column":25}},"37":{"start":{"line":98,"column":0},"end":{"line":98,"column":24}}},"fnMap":{"0":{"name":"(anonymous_0)","decl":{"start":{"line":19,"column":71},"end":{"line":19,"column":72}},"loc":{"start":{"line":19,"column":91},"end":{"line":33,"column":1}},"line":19},"1":{"name":"(anonymous_1)","decl":{"start":{"line":41,"column":83},"end":{"line":41,"column":84}},"loc":{"start":{"line":41,"column":103},"end":{"line":54,"column":1}},"line":41},"2":{"name":"(anonymous_2)","decl":{"start":{"line":62,"column":79},"end":{"line":62,"column":80}},"loc":{"start":{"line":62,"column":99},"end":{"line":75,"column":1}},"line":62},"3":{"name":"(anonymous_3)","decl":{"start":{"line":83,"column":81},"end":{"line":83,"column":82}},"loc":{"start":{"line":83,"column":101},"end":{"line":96,"column":1}},"line":83}},"branchMap":{"0":{"loc":{"start":{"line":22,"column":2},"end":{"line":27,"column":3}},"type":"if","locations":[{"start":{"line":22,"column":2},"end":{"line":27,"column":3}},{"start":{},"end":{}}],"line":22},"1":{"loc":{"start":{"line":22,"column":6},"end":{"line":22,"column":94}},"type":"binary-expr","locations":[{"start":{"line":22,"column":6},"end":{"line":22,"column":33}},{"start":{"line":22,"column":37},"end":{"line":22,"column":94}}],"line":22},"2":{"loc":{"start":{"line":44,"column":2},"end":{"line":48,"column":3}},"type":"if","locations":[{"start":{"line":44,"column":2},"end":{"line":48,"column":3}},{"start":{},"end":{}}],"line":44},"3":{"loc":{"start":{"line":44,"column":6},"end":{"line":44,"column":94}},"type":"binary-expr","locations":[{"start":{"line":44,"column":6},"end":{"line":44,"column":33}},{"start":{"line":44,"column":37},"end":{"line":44,"column":94}}],"line":44},"4":{"loc":{"start":{"line":65,"column":2},"end":{"line":69,"column":3}},"type":"if","locations":[{"start":{"line":65,"column":2},"end":{"line":69,"column":3}},{"start":{},"end":{}}],"line":65},"5":{"loc":{"start":{"line":65,"column":6},"end":{"line":65,"column":94}},"type":"binary-expr","locations":[{"start":{"line":65,"column":6},"end":{"line":65,"column":33}},{"start":{"line":65,"column":37},"end":{"line":65,"column":94}}],"line":65},"6":{"loc":{"start":{"line":86,"column":2},"end":{"line":90,"column":3}},"type":"if","locations":[{"start":{"line":86,"column":2},"end":{"line":90,"column":3}},{"start":{},"end":{}}],"line":86},"7":{"loc":{"start":{"line":86,"column":6},"end":{"line":86,"column":94}},"type":"binary-expr","locations":[{"start":{"line":86,"column":6},"end":{"line":86,"column":33}},{"start":{"line":86,"column":37},"end":{"line":86,"column":94}}],"line":86}},"s":{"0":0,"1":0,"2":0,"3":0,"4":0,"5":0,"6":0,"7":0,"8":0,"9":0,"10":0,"11":0,"12":0,"13":0,"14":0,"15":0,"16":0,"17":0,"18":0,"19":0,"20":0,"21":0,"22":0,"23":0,"24":0,"25":0,"26":0,"27":0,"28":0,"29":0,"30":0,"31":0,"32":0,"33":0,"34":0,"35":0,"36":0,"37":0},"f":{"0":0,"1":0,"2":0,"3":0},"b":{"0":[0,0],"1":[0,0],"2":[0,0],"3":[0,0],"4":[0,0],"5":[0,0],"6":[0,0],"7":[0,0]}}
,"/home/charlie/Projects/smart-todo-app/backend/routes/analytics.js": {"path":"/home/charlie/Projects/smart-todo-app/backend/routes/analytics.js","statementMap":{"0":{"start":{"line":1,"column":16},"end":{"line":1,"column":34}},"1":{"start":{"line":2,"column":13},"end":{"line":2,"column":38}},"2":{"start":{"line":3,"column":23},"end":{"line":3,"column":62}},"3":{"start":{"line":4,"column":25},"end":{"line":4,"column":62}},"4":{"start":{"line":5,"column":15},"end":{"line":5,"column":42}},"5":{"start":{"line":7,"column":15},"end":{"line":7,"column":31}},"6":{"start":{"line":10,"column":0},"end":{"line":10,"column":27}},"7":{"start":{"line":13,"column":0},"end":{"line":196,"column":3}},"8":{"start":{"line":14,"column":2},"end":{"line":195,"column":3}},"9":{"start":{"line":15,"column":19},"end":{"line":15,"column":31}},"10":{"start":{"line":16,"column":26},"end":{"line":16,"column":35}},"11":{"start":{"line":18,"column":22},"end":{"line":18,"column":36}},"12":{"start":{"line":19,"column":21},"end":{"line":19,"column":53}},"13":{"start":{"line":21,"column":20},"end":{"line":21,"column":30}},"14":{"start":{"line":22,"column":4},"end":{"line":22,"column":50}},"15":{"start":{"line":25,"column":18},"end":{"line":25,"column":51}},"16":{"start":{"line":28,"column":18},"end":{"line":28,"column":30}},"17":{"start":{"line":29,"column":22},"end":{"line":29,"column":59}},"18":{"start":{"line":29,"column":40},"end":{"line":29,"column":51}},"19":{"start":{"line":30,"column":20},"end":{"line":30,"column":37}},"20":{"start":{"line":31,"column":20},"end":{"line":31,"column":107}},"21":{"start":{"line":31,"column":38},"end":{"line":31,"column":99}},"22":{"start":{"line":34,"column":23},"end":{"line":34,"column":25}},"23":{"start":{"line":35,"column":31},"end":{"line":35,"column":33}},"24":{"start":{"line":36,"column":4},"end":{"line":45,"column":7}},"25":{"start":{"line":37,"column":6},"end":{"line":37,"column":71}},"26":{"start":{"line":38,"column":6},"end":{"line":40,"column":7}},"27":{"start":{"line":39,"column":8},"end":{"line":39,"column":71}},"28":{"start":{"line":41,"column":6},"end":{"line":41,"column":48}},"29":{"start":{"line":42,"column":6},"end":{"line":44,"column":7}},"30":{"start":{"line":43,"column":8},"end":{"line":43,"column":54}},"31":{"start":{"line":48,"column":23},"end":{"line":48,"column":25}},"32":{"start":{"line":49,"column":4},"end":{"line":51,"column":7}},"33":{"start":{"line":50,"column":6},"end":{"line":50,"column":71}},"34":{"start":{"line":54,"column":24},"end":{"line":54,"column":26}},"35":{"start":{"line":55,"column":4},"end":{"line":79,"column":5}},"36":{"start":{"line":55,"column":17},"end":{"line":55,"column":29}},"37":{"start":{"line":56,"column":19},"end":{"line":56,"column":29}},"38":{"start":{"line":57,"column":6},"end":{"line":57,"column":39}},"39":{"start":{"line":58,"column":6},"end":{"line":58,"column":32}},"40":{"start":{"line":60,"column":23},"end":{"line":60,"column":37}},"41":{"start":{"line":61,"column":6},"end":{"line":61,"column":47}},"42":{"start":{"line":63,"column":29},"end":{"line":67,"column":15}},"43":{"start":{"line":64,"column":8},"end":{"line":64,"column":41}},"44":{"start":{"line":64,"column":28},"end":{"line":64,"column":41}},"45":{"start":{"line":65,"column":30},"end":{"line":65,"column":53}},"46":{"start":{"line":66,"column":8},"end":{"line":66,"column":65}},"47":{"start":{"line":69,"column":27},"end":{"line":72,"column":15}},"48":{"start":{"line":70,"column":28},"end":{"line":70,"column":49}},"49":{"start":{"line":71,"column":8},"end":{"line":71,"column":61}},"50":{"start":{"line":74,"column":6},"end":{"line":78,"column":9}},"51":{"start":{"line":82,"column":24},"end":{"line":82,"column":26}},"52":{"start":{"line":83,"column":4},"end":{"line":102,"column":5}},"53":{"start":{"line":83,"column":17},"end":{"line":83,"column":19}},"54":{"start":{"line":84,"column":19},"end":{"line":84,"column":29}},"55":{"start":{"line":85,"column":6},"end":{"line":85,"column":39}},"56":{"start":{"line":86,"column":6},"end":{"line":86,"column":32}},"57":{"start":{"line":88,"column":23},"end":{"line":88,"column":37}},"58":{"start":{"line":89,"column":6},"end":{"line":89,"column":47}},"59":{"start":{"line":91,"column":23},"end":{"line":95,"column":15}},"60":{"start":{"line":92,"column":8},"end":{"line":92,"column":41}},"61":{"start":{"line":92,"column":28},"end":{"line":92,"column":41}},"62":{"start":{"line":93,"column":30},"end":{"line":93,"column":53}},"63":{"start":{"line":94,"column":8},"end":{"line":94,"column":65}},"64":{"start":{"line":97,"column":6},"end":{"line":101,"column":9}},"65":{"start":{"line":105,"column":24},"end":{"line":105,"column":25}},"66":{"start":{"line":106,"column":24},"end":{"line":106,"column":25}},"67":{"start":{"line":107,"column":21},"end":{"line":107,"column":22}},"68":{"start":{"line":109,"column":18},"end":{"line":109,"column":28}},"69":{"start":{"line":110,"column":4},"end":{"line":110,"column":31}},"70":{"start":{"line":113,"column":26},"end":{"line":113,"column":94}},"71":{"start":{"line":113,"column":58},"end":{"line":113,"column":93}},"72":{"start":{"line":115,"column":4},"end":{"line":124,"column":5}},"73":{"start":{"line":115,"column":17},"end":{"line":115,"column":18}},"74":{"start":{"line":116,"column":6},"end":{"line":123,"column":7}},"75":{"start":{"line":117,"column":8},"end":{"line":117,"column":21}},"76":{"start":{"line":118,"column":8},"end":{"line":118,"column":48}},"77":{"start":{"line":118,"column":21},"end":{"line":118,"column":48}},"78":{"start":{"line":119,"column":8},"end":{"line":119,"column":60}},"79":{"start":{"line":121,"column":8},"end":{"line":121,"column":39}},"80":{"start":{"line":121,"column":21},"end":{"line":121,"column":39}},"81":{"start":{"line":122,"column":8},"end":{"line":122,"column":23}},"82":{"start":{"line":127,"column":30},"end":{"line":127,"column":90}},"83":{"start":{"line":127,"column":48},"end":{"line":127,"column":89}},"84":{"start":{"line":128,"column":28},"end":{"line":128,"column":29}},"85":{"start":{"line":129,"column":22},"end":{"line":129,"column":23}},"86":{"start":{"line":130,"column":20},"end":{"line":130,"column":21}},"87":{"start":{"line":132,"column":4},"end":{"line":143,"column":5}},"88":{"start":{"line":133,"column":6},"end":{"line":142,"column":9}},"89":{"start":{"line":134,"column":24},"end":{"line":134,"column":43}},"90":{"start":{"line":135,"column":30},"end":{"line":135,"column":53}},"91":{"start":{"line":137,"column":8},"end":{"line":141,"column":9}},"92":{"start":{"line":138,"column":10},"end":{"line":138,"column":24}},"93":{"start":{"line":140,"column":10},"end":{"line":140,"column":22}},"94":{"start":{"line":146,"column":27},"end":{"line":146,"column":44}},"95":{"start":{"line":147,"column":4},"end":{"line":150,"column":7}},"96":{"start":{"line":147,"column":22},"end":{"line":147,"column":35}},"97":{"start":{"line":148,"column":19},"end":{"line":148,"column":53}},"98":{"start":{"line":149,"column":6},"end":{"line":149,"column":29}},"99":{"start":{"line":152,"column":21},"end":{"line":152,"column":72}},"100":{"start":{"line":155,"column":25},"end":{"line":155,"column":27}},"101":{"start":{"line":157,"column":4},"end":{"line":157,"column":141}},"102":{"start":{"line":157,"column":24},"end":{"line":157,"column":141}},"103":{"start":{"line":158,"column":4},"end":{"line":158,"column":139}},"104":{"start":{"line":158,"column":25},"end":{"line":158,"column":139}},"105":{"start":{"line":159,"column":4},"end":{"line":159,"column":136}},"106":{"start":{"line":159,"column":25},"end":{"line":159,"column":136}},"107":{"start":{"line":160,"column":4},"end":{"line":160,"column":137}},"108":{"start":{"line":160,"column":26},"end":{"line":160,"column":137}},"109":{"start":{"line":161,"column":4},"end":{"line":161,"column":136}},"110":{"start":{"line":161,"column":28},"end":{"line":161,"column":136}},"111":{"start":{"line":162,"column":4},"end":{"line":162,"column":141}},"112":{"start":{"line":162,"column":29},"end":{"line":162,"column":141}},"113":{"start":{"line":163,"column":4},"end":{"line":163,"column":145}},"114":{"start":{"line":163,"column":27},"end":{"line":163,"column":145}},"115":{"start":{"line":165,"column":4},"end":{"line":191,"column":7}},"116":{"start":{"line":193,"column":4},"end":{"line":193,"column":48}},"117":{"start":{"line":194,"column":4},"end":{"line":194,"column":54}},"118":{"start":{"line":198,"column":0},"end":{"line":198,"column":24}}},"fnMap":{"0":{"name":"(anonymous_0)","decl":{"start":{"line":13,"column":16},"end":{"line":13,"column":17}},"loc":{"start":{"line":13,"column":36},"end":{"line":196,"column":1}},"line":13},"1":{"name":"(anonymous_1)","decl":{"start":{"line":29,"column":35},"end":{"line":29,"column":36}},"loc":{"start":{"line":29,"column":40},"end":{"line":29,"column":51}},"line":29},"2":{"name":"(anonymous_2)","decl":{"start":{"line":31,"column":33},"end":{"line":31,"column":34}},"loc":{"start":{"line":31,"column":38},"end":{"line":31,"column":99}},"line":31},"3":{"name":"(anonymous_3)","decl":{"start":{"line":36,"column":18},"end":{"line":36,"column":19}},"loc":{"start":{"line":36,"column":26},"end":{"line":45,"column":5}},"line":36},"4":{"name":"(anonymous_4)","decl":{"start":{"line":49,"column":18},"end":{"line":49,"column":19}},"loc":{"start":{"line":49,"column":26},"end":{"line":51,"column":5}},"line":49},"5":{"name":"(anonymous_5)","decl":{"start":{"line":63,"column":42},"end":{"line":63,"column":43}},"loc":{"start":{"line":63,"column":47},"end":{"line":67,"column":7}},"line":63},"6":{"name":"(anonymous_6)","decl":{"start":{"line":69,"column":40},"end":{"line":69,"column":41}},"loc":{"start":{"line":69,"column":45},"end":{"line":72,"column":7}},"line":69},"7":{"name":"(anonymous_7)","decl":{"start":{"line":91,"column":36},"end":{"line":91,"column":37}},"loc":{"start":{"line":91,"column":41},"end":{"line":95,"column":7}},"line":91},"8":{"name":"(anonymous_8)","decl":{"start":{"line":113,"column":48},"end":{"line":113,"column":49}},"loc":{"start":{"line":113,"column":58},"end":{"line":113,"column":93}},"line":113},"9":{"name":"(anonymous_9)","decl":{"start":{"line":127,"column":43},"end":{"line":127,"column":44}},"loc":{"start":{"line":127,"column":48},"end":{"line":127,"column":89}},"line":127},"10":{"name":"(anonymous_10)","decl":{"start":{"line":133,"column":32},"end":{"line":133,"column":33}},"loc":{"start":{"line":133,"column":37},"end":{"line":142,"column":7}},"line":133},"11":{"name":"(anonymous_11)","decl":{"start":{"line":147,"column":17},"end":{"line":147,"column":18}},"loc":{"start":{"line":147,"column":22},"end":{"line":147,"column":35}},"line":147},"12":{"name":"(anonymous_12)","decl":{"start":{"line":147,"column":45},"end":{"line":147,"column":46}},"loc":{"start":{"line":147,"column":50},"end":{"line":150,"column":5}},"line":147}},"branchMap":{"0":{"loc":{"start":{"line":16,"column":12},"end":{"line":16,"column":21}},"type":"default-arg","locations":[{"start":{"line":16,"column":19},"end":{"line":16,"column":21}}],"line":16},"1":{"loc":{"start":{"line":19,"column":21},"end":{"line":19,"column":53}},"type":"cond-expr","locations":[{"start":{"line":19,"column":33},"end":{"line":19,"column":36}},{"start":{"line":19,"column":39},"end":{"line":19,"column":53}}],"line":19},"2":{"loc":{"start":{"line":31,"column":38},"end":{"line":31,"column":99}},"type":"binary-expr","locations":[{"start":{"line":31,"column":38},"end":{"line":31,"column":50}},{"start":{"line":31,"column":54},"end":{"line":31,"column":63}},{"start":{"line":31,"column":67},"end":{"line":31,"column":99}}],"line":31},"3":{"loc":{"start":{"line":37,"column":35},"end":{"line":37,"column":65}},"type":"binary-expr","locations":[{"start":{"line":37,"column":35},"end":{"line":37,"column":60}},{"start":{"line":37,"column":64},"end":{"line":37,"column":65}}],"line":37},"4":{"loc":{"start":{"line":38,"column":6},"end":{"line":40,"column":7}},"type":"if","locations":[{"start":{"line":38,"column":6},"end":{"line":40,"column":7}},{"start":{},"end":{}}],"line":38},"5":{"loc":{"start":{"line":42,"column":6},"end":{"line":44,"column":7}},"type":"if","locations":[{"start":{"line":42,"column":6},"end":{"line":44,"column":7}},{"start":{},"end":{}}],"line":42},"6":{"loc":{"start":{"line":50,"column":35},"end":{"line":50,"column":65}},"type":"binary-expr","locations":[{"start":{"line":50,"column":35},"end":{"line":50,"column":60}},{"start":{"line":50,"column":64},"end":{"line":50,"column":65}}],"line":50},"7":{"loc":{"start":{"line":64,"column":8},"end":{"line":64,"column":41}},"type":"if","locations":[{"start":{"line":64,"column":8},"end":{"line":64,"column":41}},{"start":{},"end":{}}],"line":64},"8":{"loc":{"start":{"line":66,"column":15},"end":{"line":66,"column":64}},"type":"binary-expr","locations":[{"start":{"line":66,"column":15},"end":{"line":66,"column":36}},{"start":{"line":66,"column":40},"end":{"line":66,"column":64}}],"line":66},"9":{"loc":{"start":{"line":71,"column":15},"end":{"line":71,"column":60}},"type":"binary-expr","locations":[{"start":{"line":71,"column":15},"end":{"line":71,"column":34}},{"start":{"line":71,"column":38},"end":{"line":71,"column":60}}],"line":71},"10":{"loc":{"start":{"line":92,"column":8},"end":{"line":92,"column":41}},"type":"if","locations":[{"start":{"line":92,"column":8},"end":{"line":92,"column":41}},{"start":{},"end":{}}],"line":92},"11":{"loc":{"start":{"line":94,"column":15},"end":{"line":94,"column":64}},"type":"binary-expr","locations":[{"start":{"line":94,"column":15},"end":{"line":94,"column":36}},{"start":{"line":94,"column":40},"end":{"line":94,"column":64}}],"line":94},"12":{"loc":{"start":{"line":100,"column":15},"end":{"line":100,"column":97}},"type":"cond-expr","locations":[{"start":{"line":100,"column":32},"end":{"line":100,"column":33}},{"start":{"line":100,"column":36},"end":{"line":100,"column":97}}],"line":100},"13":{"loc":{"start":{"line":100,"column":36},"end":{"line":100,"column":97}},"type":"cond-expr","locations":[{"start":{"line":100,"column":52},"end":{"line":100,"column":53}},{"start":{"line":100,"column":56},"end":{"line":100,"column":97}}],"line":100},"14":{"loc":{"start":{"line":100,"column":56},"end":{"line":100,"column":97}},"type":"cond-expr","locations":[{"start":{"line":100,"column":72},"end":{"line":100,"column":73}},{"start":{"line":100,"column":76},"end":{"line":100,"column":97}}],"line":100},"15":{"loc":{"start":{"line":100,"column":76},"end":{"line":100,"column":97}},"type":"cond-expr","locations":[{"start":{"line":100,"column":92},"end":{"line":100,"column":93}},{"start":{"line":100,"column":96},"end":{"line":100,"column":97}}],"line":100},"16":{"loc":{"start":{"line":116,"column":6},"end":{"line":123,"column":7}},"type":"if","locations":[{"start":{"line":116,"column":6},"end":{"line":123,"column":7}},{"start":{"line":120,"column":13},"end":{"line":123,"column":7}}],"line":116},"17":{"loc":{"start":{"line":118,"column":8},"end":{"line":118,"column":48}},"type":"if","locations":[{"start":{"line":118,"column":8},"end":{"line":118,"column":48}},{"start":{},"end":{}}],"line":118},"18":{"loc":{"start":{"line":121,"column":8},"end":{"line":121,"column":39}},"type":"if","locations":[{"start":{"line":121,"column":8},"end":{"line":121,"column":39}},{"start":{},"end":{}}],"line":121},"19":{"loc":{"start":{"line":127,"column":48},"end":{"line":127,"column":89}},"type":"binary-expr","locations":[{"start":{"line":127,"column":48},"end":{"line":127,"column":59}},{"start":{"line":127,"column":63},"end":{"line":127,"column":72}},{"start":{"line":127,"column":76},"end":{"line":127,"column":89}}],"line":127},"20":{"loc":{"start":{"line":132,"column":4},"end":{"line":143,"column":5}},"type":"if","locations":[{"start":{"line":132,"column":4},"end":{"line":143,"column":5}},{"start":{},"end":{}}],"line":132},"21":{"loc":{"start":{"line":137,"column":8},"end":{"line":141,"column":9}},"type":"if","locations":[{"start":{"line":137,"column":8},"end":{"line":141,"column":9}},{"start":{"line":139,"column":15},"end":{"line":141,"column":9}}],"line":137},"22":{"loc":{"start":{"line":157,"column":4},"end":{"line":157,"column":141}},"type":"if","locations":[{"start":{"line":157,"column":4},"end":{"line":157,"column":141}},{"start":{},"end":{}}],"line":157},"23":{"loc":{"start":{"line":158,"column":4},"end":{"line":158,"column":139}},"type":"if","locations":[{"start":{"line":158,"column":4},"end":{"line":158,"column":139}},{"start":{},"end":{}}],"line":158},"24":{"loc":{"start":{"line":159,"column":4},"end":{"line":159,"column":136}},"type":"if","locations":[{"start":{"line":159,"column":4},"end":{"line":159,"column":136}},{"start":{},"end":{}}],"line":159},"25":{"loc":{"start":{"line":160,"column":4},"end":{"line":160,"column":137}},"type":"if","locations":[{"start":{"line":160,"column":4},"end":{"line":160,"column":137}},{"start":{},"end":{}}],"line":160},"26":{"loc":{"start":{"line":161,"column":4},"end":{"line":161,"column":136}},"type":"if","locations":[{"start":{"line":161,"column":4},"end":{"line":161,"column":136}},{"start":{},"end":{}}],"line":161},"27":{"loc":{"start":{"line":162,"column":4},"end":{"line":162,"column":141}},"type":"if","locations":[{"start":{"line":162,"column":4},"end":{"line":162,"column":141}},{"start":{},"end":{}}],"line":162},"28":{"loc":{"start":{"line":163,"column":4},"end":{"line":163,"column":145}},"type":"if","locations":[{"start":{"line":163,"column":4},"end":{"line":163,"column":145}},{"start":{},"end":{}}],"line":163},"29":{"loc":{"start":{"line":171,"column":24},"end":{"line":171,"column":77}},"type":"cond-expr","locations":[{"start":{"line":171,"column":36},"end":{"line":171,"column":73}},{"start":{"line":171,"column":76},"end":{"line":171,"column":77}}],"line":171},"30":{"loc":{"start":{"line":188,"column":20},"end":{"line":188,"column":113}},"type":"cond-expr","locations":[{"start":{"line":188,"column":51},"end":{"line":188,"column":109}},{"start":{"line":188,"column":112},"end":{"line":188,"column":113}}],"line":188}},"s":{"0":0,"1":0,"2":0,"3":0,"4":0,"5":0,"6":0,"7":0,"8":0,"9":0,"10":0,"11":0,"12":0,"13":0,"14":0,"15":0,"16":0,"17":0,"18":0,"19":0,"20":0,"21":0,"22":0,"23":0,"24":0,"25":0,"26":0,"27":0,"28":0,"29":0,"30":0,"31":0,"32":0,"33":0,"34":0,"35":0,"36":0,"37":0,"38":0,"39":0,"40":0,"41":0,"42":0,"43":0,"44":0,"45":0,"46":0,"47":0,"48":0,"49":0,"50":0,"51":0,"52":0,"53":0,"54":0,"55":0,"56":0,"57":0,"58":0,"59":0,"60":0,"61":0,"62":0,"63":0,"64":0,"65":0,"66":0,"67":0,"68":0,"69":0,"70":0,"71":0,"72":0,"73":0,"74":0,"75":0,"76":0,"77":0,"78":0,"79":0,"80":0,"81":0,"82":0,"83":0,"84":0,"85":0,"86":0,"87":0,"88":0,"89":0,"90":0,"91":0,"92":0,"93":0,"94":0,"95":0,"96":0,"97":0,"98":0,"99":0,"100":0,"101":0,"102":0,"103":0,"104":0,"105":0,"106":0,"107":0,"108":0,"109":0,"110":0,"111":0,"112":0,"113":0,"114":0,"115":0,"116":0,"117":0,"118":0},"f":{"0":0,"1":0,"2":0,"3":0,"4":0,"5":0,"6":0,"7":0,"8":0,"9":0,"10":0,"11":0,"12":0},"b":{"0":[0],"1":[0,0],"2":[0,0,0],"3":[0,0],"4":[0,0],"5":[0,0],"6":[0,0],"7":[0,0],"8":[0,0],"9":[0,0],"10":[0,0],"11":[0,0],"12":[0,0],"13":[0,0],"14":[0,0],"15":[0,0],"16":[0,0],"17":[0,0],"18":[0,0],"19":[0,0,0],"20":[0,0],"21":[0,0],"22":[0,0],"23":[0,0],"24":[0,0],"25":[0,0],"26":[0,0],"27":[0,0],"28":[0,0],"29":[0,0],"30":[0,0]}}
,"/home/charlie/Projects/smart-todo-app/backend/routes/auth.js": {"path":"/home/charlie/Projects/smart-todo-app/backend/routes/auth.js","statementMap":{"0":{"start":{"line":1,"column":16},"end":{"line":1,"column":34}},"1":{"start":{"line":2,"column":12},"end":{"line":2,"column":35}},"2":{"start":{"line":3,"column":13},"end":{"line":3,"column":38}},"3":{"start":{"line":4,"column":23},"end":{"line":4,"column":62}},"4":{"start":{"line":5,"column":34},"end":{"line":5,"column":69}},"5":{"start":{"line":6,"column":25},"end":{"line":6,"column":62}},"6":{"start":{"line":7,"column":15},"end":{"line":7,"column":42}},"7":{"start":{"line":9,"column":15},"end":{"line":9,"column":31}},"8":{"start":{"line":12,"column":22},"end":{"line":14,"column":1}},"9":{"start":{"line":13,"column":2},"end":{"line":13,"column":75}},"10":{"start":{"line":17,"column":0},"end":{"line":52,"column":4}},"11":{"start":{"line":18,"column":40},"end":{"line":18,"column":48}},"12":{"start":{"line":20,"column":2},"end":{"line":20,"column":59}},"13":{"start":{"line":23,"column":23},"end":{"line":25,"column":4}},"14":{"start":{"line":27,"column":2},"end":{"line":32,"column":3}},"15":{"start":{"line":28,"column":4},"end":{"line":28,"column":72}},"16":{"start":{"line":29,"column":4},"end":{"line":31,"column":7}},"17":{"start":{"line":35,"column":15},"end":{"line":35,"column":54}},"18":{"start":{"line":36,"column":2},"end":{"line":36,"column":20}},"19":{"start":{"line":38,"column":2},"end":{"line":38,"column":93}},"20":{"start":{"line":41,"column":16},"end":{"line":41,"column":39}},"21":{"start":{"line":43,"column":2},"end":{"line":51,"column":5}},"22":{"start":{"line":55,"column":0},"end":{"line":88,"column":4}},"23":{"start":{"line":56,"column":30},"end":{"line":56,"column":38}},"24":{"start":{"line":58,"column":2},"end":{"line":58,"column":42}},"25":{"start":{"line":61,"column":15},"end":{"line":61,"column":44}},"26":{"start":{"line":62,"column":2},"end":{"line":65,"column":3}},"27":{"start":{"line":63,"column":4},"end":{"line":63,"column":60}},"28":{"start":{"line":64,"column":4},"end":{"line":64,"column":68}},"29":{"start":{"line":68,"column":18},"end":{"line":68,"column":54}},"30":{"start":{"line":69,"column":2},"end":{"line":72,"column":3}},"31":{"start":{"line":70,"column":4},"end":{"line":70,"column":80}},"32":{"start":{"line":71,"column":4},"end":{"line":71,"column":68}},"33":{"start":{"line":75,"column":16},"end":{"line":75,"column":39}},"34":{"start":{"line":77,"column":2},"end":{"line":77,"column":81}},"35":{"start":{"line":79,"column":2},"end":{"line":87,"column":5}},"36":{"start":{"line":91,"column":0},"end":{"line":99,"column":3}},"37":{"start":{"line":92,"column":2},"end":{"line":98,"column":5}},"38":{"start":{"line":101,"column":0},"end":{"line":101,"column":24}}},"fnMap":{"0":{"name":"(anonymous_0)","decl":{"start":{"line":12,"column":22},"end":{"line":12,"column":23}},"loc":{"start":{"line":12,"column":34},"end":{"line":14,"column":1}},"line":12},"1":{"name":"(anonymous_1)","decl":{"start":{"line":17,"column":70},"end":{"line":17,"column":71}},"loc":{"start":{"line":17,"column":90},"end":{"line":52,"column":1}},"line":17},"2":{"name":"(anonymous_2)","decl":{"start":{"line":55,"column":64},"end":{"line":55,"column":65}},"loc":{"start":{"line":55,"column":84},"end":{"line":88,"column":1}},"line":55},"3":{"name":"(anonymous_3)","decl":{"start":{"line":91,"column":34},"end":{"line":91,"column":35}},"loc":{"start":{"line":91,"column":54},"end":{"line":99,"column":1}},"line":91}},"branchMap":{"0":{"loc":{"start":{"line":27,"column":2},"end":{"line":32,"column":3}},"type":"if","locations":[{"start":{"line":27,"column":2},"end":{"line":32,"column":3}},{"start":{},"end":{}}],"line":27},"1":{"loc":{"start":{"line":30,"column":15},"end":{"line":30,"column":99}},"type":"cond-expr","locations":[{"start":{"line":30,"column":46},"end":{"line":30,"column":72}},{"start":{"line":30,"column":75},"end":{"line":30,"column":99}}],"line":30},"2":{"loc":{"start":{"line":62,"column":2},"end":{"line":65,"column":3}},"type":"if","locations":[{"start":{"line":62,"column":2},"end":{"line":65,"column":3}},{"start":{},"end":{}}],"line":62},"3":{"loc":{"start":{"line":69,"column":2},"end":{"line":72,"column":3}},"type":"if","locations":[{"start":{"line":69,"column":2},"end":{"line":72,"column":3}},{"start":{},"end":{}}],"line":69}},"s":{"0":1,"1":1,"2":1,"3":1,"4":1,"5":1,"6":1,"7":1,"8":1,"9":2,"10":1,"11":3,"12":3,"13":3,"14":3,"15":2,"16":2,"17":1,"18":1,"19":1,"20":1,"21":1,"22":1,"23":3,"24":3,"25":3,"26":3,"27":1,"28":1,"29":2,"30":2,"31":1,"32":1,"33":1,"34":1,"35":1,"36":1,"37":1,"38":1},"f":{"0":2,"1":3,"2":3,"3":1},"b":{"0":[2,1],"1":[1,1],"2":[1,2],"3":[1,1]},"_coverageSchema":"1a1c01bbd47fc00a2c39e90264f33305004495a9","hash":"7d4df929c2af01a61fd18f3eb1a212e15280c5ce"}
,"/home/charlie/Projects/smart-todo-app/backend/routes/sharedLists.js": {"path":"/home/charlie/Projects/smart-todo-app/backend/routes/sharedLists.js","statementMap":{"0":{"start":{"line":1,"column":16},"end":{"line":1,"column":34}},"1":{"start":{"line":2,"column":19},"end":{"line":2,"column":50}},"2":{"start":{"line":3,"column":13},"end":{"line":3,"column":38}},"3":{"start":{"line":4,"column":13},"end":{"line":4,"column":38}},"4":{"start":{"line":5,"column":23},"end":{"line":5,"column":62}},"5":{"start":{"line":6,"column":40},"end":{"line":6,"column":75}},"6":{"start":{"line":7,"column":25},"end":{"line":7,"column":62}},"7":{"start":{"line":8,"column":15},"end":{"line":8,"column":42}},"8":{"start":{"line":10,"column":15},"end":{"line":10,"column":31}},"9":{"start":{"line":13,"column":0},"end":{"line":13,"column":27}},"10":{"start":{"line":16,"column":0},"end":{"line":30,"column":3}},"11":{"start":{"line":17,"column":2},"end":{"line":29,"column":3}},"12":{"start":{"line":18,"column":18},"end":{"line":23,"column":28}},"13":{"start":{"line":25,"column":4},"end":{"line":25,"column":20}},"14":{"start":{"line":27,"column":4},"end":{"line":27,"column":51}},"15":{"start":{"line":28,"column":4},"end":{"line":28,"column":54}},"16":{"start":{"line":33,"column":0},"end":{"line":53,"column":3}},"17":{"start":{"line":34,"column":2},"end":{"line":52,"column":3}},"18":{"start":{"line":35,"column":17},"end":{"line":37,"column":49}},"19":{"start":{"line":39,"column":4},"end":{"line":41,"column":5}},"20":{"start":{"line":40,"column":6},"end":{"line":40,"column":72}},"21":{"start":{"line":44,"column":4},"end":{"line":46,"column":5}},"22":{"start":{"line":45,"column":6},"end":{"line":45,"column":64}},"23":{"start":{"line":48,"column":4},"end":{"line":48,"column":19}},"24":{"start":{"line":50,"column":4},"end":{"line":50,"column":50}},"25":{"start":{"line":51,"column":4},"end":{"line":51,"column":54}},"26":{"start":{"line":56,"column":0},"end":{"line":80,"column":3}},"27":{"start":{"line":57,"column":2},"end":{"line":79,"column":3}},"28":{"start":{"line":58,"column":21},"end":{"line":58,"column":29}},"29":{"start":{"line":60,"column":4},"end":{"line":62,"column":5}},"30":{"start":{"line":61,"column":6},"end":{"line":61,"column":72}},"31":{"start":{"line":64,"column":17},"end":{"line":67,"column":6}},"32":{"start":{"line":69,"column":4},"end":{"line":69,"column":22}},"33":{"start":{"line":71,"column":26},"end":{"line":73,"column":49}},"34":{"start":{"line":75,"column":4},"end":{"line":75,"column":40}},"35":{"start":{"line":77,"column":4},"end":{"line":77,"column":53}},"36":{"start":{"line":78,"column":4},"end":{"line":78,"column":54}},"37":{"start":{"line":83,"column":0},"end":{"line":144,"column":3}},"38":{"start":{"line":84,"column":2},"end":{"line":143,"column":3}},"39":{"start":{"line":85,"column":22},"end":{"line":85,"column":30}},"40":{"start":{"line":87,"column":4},"end":{"line":89,"column":5}},"41":{"start":{"line":88,"column":6},"end":{"line":88,"column":68}},"42":{"start":{"line":91,"column":17},"end":{"line":91,"column":57}},"43":{"start":{"line":93,"column":4},"end":{"line":95,"column":5}},"44":{"start":{"line":94,"column":6},"end":{"line":94,"column":72}},"45":{"start":{"line":98,"column":4},"end":{"line":100,"column":5}},"46":{"start":{"line":99,"column":6},"end":{"line":99,"column":89}},"47":{"start":{"line":103,"column":24},"end":{"line":103,"column":81}},"48":{"start":{"line":105,"column":4},"end":{"line":130,"column":5}},"49":{"start":{"line":107,"column":6},"end":{"line":109,"column":7}},"50":{"start":{"line":108,"column":8},"end":{"line":108,"column":90}},"51":{"start":{"line":112,"column":6},"end":{"line":115,"column":9}},"52":{"start":{"line":118,"column":29},"end":{"line":120,"column":7}},"53":{"start":{"line":119,"column":18},"end":{"line":119,"column":61}},"54":{"start":{"line":122,"column":6},"end":{"line":124,"column":7}},"55":{"start":{"line":123,"column":8},"end":{"line":123,"column":82}},"56":{"start":{"line":126,"column":6},"end":{"line":129,"column":9}},"57":{"start":{"line":132,"column":4},"end":{"line":132,"column":22}},"58":{"start":{"line":134,"column":26},"end":{"line":137,"column":61}},"59":{"start":{"line":139,"column":4},"end":{"line":139,"column":28}},"60":{"start":{"line":141,"column":4},"end":{"line":141,"column":46}},"61":{"start":{"line":142,"column":4},"end":{"line":142,"column":54}},"62":{"start":{"line":147,"column":0},"end":{"line":183,"column":3}},"63":{"start":{"line":148,"column":2},"end":{"line":182,"column":3}},"64":{"start":{"line":149,"column":17},"end":{"line":149,"column":57}},"65":{"start":{"line":151,"column":4},"end":{"line":153,"column":5}},"66":{"start":{"line":152,"column":6},"end":{"line":152,"column":72}},"67":{"start":{"line":156,"column":20},"end":{"line":156,"column":69}},"68":{"start":{"line":157,"column":26},"end":{"line":157,"column":71}},"69":{"start":{"line":159,"column":4},"end":{"line":161,"column":5}},"70":{"start":{"line":160,"column":6},"end":{"line":160,"column":64}},"71":{"start":{"line":164,"column":4},"end":{"line":166,"column":5}},"72":{"start":{"line":165,"column":6},"end":{"line":165,"column":79}},"73":{"start":{"line":168,"column":4},"end":{"line":170,"column":6}},"74":{"start":{"line":169,"column":16},"end":{"line":169,"column":60}},"75":{"start":{"line":172,"column":4},"end":{"line":172,"column":22}},"76":{"start":{"line":174,"column":26},"end":{"line":176,"column":49}},"77":{"start":{"line":178,"column":4},"end":{"line":178,"column":28}},"78":{"start":{"line":180,"column":4},"end":{"line":180,"column":48}},"79":{"start":{"line":181,"column":4},"end":{"line":181,"column":54}},"80":{"start":{"line":186,"column":0},"end":{"line":209,"column":3}},"81":{"start":{"line":187,"column":2},"end":{"line":208,"column":3}},"82":{"start":{"line":188,"column":17},"end":{"line":188,"column":57}},"83":{"start":{"line":190,"column":4},"end":{"line":192,"column":5}},"84":{"start":{"line":191,"column":6},"end":{"line":191,"column":72}},"85":{"start":{"line":195,"column":4},"end":{"line":197,"column":5}},"86":{"start":{"line":196,"column":6},"end":{"line":196,"column":91}},"87":{"start":{"line":200,"column":4},"end":{"line":200,"column":57}},"88":{"start":{"line":202,"column":4},"end":{"line":202,"column":54}},"89":{"start":{"line":204,"column":4},"end":{"line":204,"column":83}},"90":{"start":{"line":206,"column":4},"end":{"line":206,"column":53}},"91":{"start":{"line":207,"column":4},"end":{"line":207,"column":54}},"92":{"start":{"line":212,"column":0},"end":{"line":249,"column":3}},"93":{"start":{"line":213,"column":2},"end":{"line":248,"column":3}},"94":{"start":{"line":214,"column":17},"end":{"line":214,"column":57}},"95":{"start":{"line":216,"column":4},"end":{"line":218,"column":5}},"96":{"start":{"line":217,"column":6},"end":{"line":217,"column":72}},"97":{"start":{"line":221,"column":4},"end":{"line":223,"column":5}},"98":{"start":{"line":222,"column":6},"end":{"line":222,"column":64}},"99":{"start":{"line":225,"column":46},"end":{"line":225,"column":55}},"100":{"start":{"line":227,"column":17},"end":{"line":227,"column":46}},"101":{"start":{"line":230,"column":4},"end":{"line":232,"column":5}},"102":{"start":{"line":231,"column":6},"end":{"line":231,"column":33}},"103":{"start":{"line":233,"column":4},"end":{"line":235,"column":5}},"104":{"start":{"line":234,"column":6},"end":{"line":234,"column":46}},"105":{"start":{"line":236,"column":4},"end":{"line":238,"column":5}},"106":{"start":{"line":237,"column":6},"end":{"line":237,"column":33}},"107":{"start":{"line":240,"column":18},"end":{"line":242,"column":30}},"108":{"start":{"line":244,"column":4},"end":{"line":244,"column":20}},"109":{"start":{"line":246,"column":4},"end":{"line":246,"column":56}},"110":{"start":{"line":247,"column":4},"end":{"line":247,"column":54}},"111":{"start":{"line":251,"column":0},"end":{"line":251,"column":24}}},"fnMap":{"0":{"name":"(anonymous_0)","decl":{"start":{"line":16,"column":16},"end":{"line":16,"column":17}},"loc":{"start":{"line":16,"column":36},"end":{"line":30,"column":1}},"line":16},"1":{"name":"(anonymous_1)","decl":{"start":{"line":33,"column":19},"end":{"line":33,"column":20}},"loc":{"start":{"line":33,"column":39},"end":{"line":53,"column":1}},"line":33},"2":{"name":"(anonymous_2)","decl":{"start":{"line":56,"column":17},"end":{"line":56,"column":18}},"loc":{"start":{"line":56,"column":37},"end":{"line":80,"column":1}},"line":56},"3":{"name":"(anonymous_3)","decl":{"start":{"line":83,"column":27},"end":{"line":83,"column":28}},"loc":{"start":{"line":83,"column":47},"end":{"line":144,"column":1}},"line":83},"4":{"name":"(anonymous_4)","decl":{"start":{"line":119,"column":8},"end":{"line":119,"column":9}},"loc":{"start":{"line":119,"column":18},"end":{"line":119,"column":61}},"line":119},"5":{"name":"(anonymous_5)","decl":{"start":{"line":147,"column":38},"end":{"line":147,"column":39}},"loc":{"start":{"line":147,"column":58},"end":{"line":183,"column":1}},"line":147},"6":{"name":"(anonymous_6)","decl":{"start":{"line":169,"column":6},"end":{"line":169,"column":7}},"loc":{"start":{"line":169,"column":16},"end":{"line":169,"column":60}},"line":169},"7":{"name":"(anonymous_7)","decl":{"start":{"line":186,"column":22},"end":{"line":186,"column":23}},"loc":{"start":{"line":186,"column":42},"end":{"line":209,"column":1}},"line":186},"8":{"name":"(anonymous_8)","decl":{"start":{"line":212,"column":25},"end":{"line":212,"column":26}},"loc":{"start":{"line":212,"column":45},"end":{"line":249,"column":1}},"line":212}},"branchMap":{"0":{"loc":{"start":{"line":39,"column":4},"end":{"line":41,"column":5}},"type":"if","locations":[{"start":{"line":39,"column":4},"end":{"line":41,"column":5}},{"start":{},"end":{}}],"line":39},"1":{"loc":{"start":{"line":44,"column":4},"end":{"line":46,"column":5}},"type":"if","locations":[{"start":{"line":44,"column":4},"end":{"line":46,"column":5}},{"start":{},"end":{}}],"line":44},"2":{"loc":{"start":{"line":60,"column":4},"end":{"line":62,"column":5}},"type":"if","locations":[{"start":{"line":60,"column":4},"end":{"line":62,"column":5}},{"start":{},"end":{}}],"line":60},"3":{"loc":{"start":{"line":60,"column":8},"end":{"line":60,"column":35}},"type":"binary-expr","locations":[{"start":{"line":60,"column":8},"end":{"line":60,"column":13}},{"start":{"line":60,"column":17},"end":{"line":60,"column":35}}],"line":60},"4":{"loc":{"start":{"line":87,"column":4},"end":{"line":89,"column":5}},"type":"if","locations":[{"start":{"line":87,"column":4},"end":{"line":89,"column":5}},{"start":{},"end":{}}],"line":87},"5":{"loc":{"start":{"line":87,"column":8},"end":{"line":87,"column":37}},"type":"binary-expr","locations":[{"start":{"line":87,"column":8},"end":{"line":87,"column":14}},{"start":{"line":87,"column":18},"end":{"line":87,"column":37}}],"line":87},"6":{"loc":{"start":{"line":93,"column":4},"end":{"line":95,"column":5}},"type":"if","locations":[{"start":{"line":93,"column":4},"end":{"line":95,"column":5}},{"start":{},"end":{}}],"line":93},"7":{"loc":{"start":{"line":98,"column":4},"end":{"line":100,"column":5}},"type":"if","locations":[{"start":{"line":98,"column":4},"end":{"line":100,"column":5}},{"start":{},"end":{}}],"line":98},"8":{"loc":{"start":{"line":105,"column":4},"end":{"line":130,"column":5}},"type":"if","locations":[{"start":{"line":105,"column":4},"end":{"line":130,"column":5}},{"start":{"line":116,"column":11},"end":{"line":130,"column":5}}],"line":105},"9":{"loc":{"start":{"line":107,"column":6},"end":{"line":109,"column":7}},"type":"if","locations":[{"start":{"line":107,"column":6},"end":{"line":109,"column":7}},{"start":{},"end":{}}],"line":107},"10":{"loc":{"start":{"line":122,"column":6},"end":{"line":124,"column":7}},"type":"if","locations":[{"start":{"line":122,"column":6},"end":{"line":124,"column":7}},{"start":{},"end":{}}],"line":122},"11":{"loc":{"start":{"line":151,"column":4},"end":{"line":153,"column":5}},"type":"if","locations":[{"start":{"line":151,"column":4},"end":{"line":153,"column":5}},{"start":{},"end":{}}],"line":151},"12":{"loc":{"start":{"line":159,"column":4},"end":{"line":161,"column":5}},"type":"if","locations":[{"start":{"line":159,"column":4},"end":{"line":161,"column":5}},{"start":{},"end":{}}],"line":159},"13":{"loc":{"start":{"line":159,"column":8},"end":{"line":159,"column":34}},"type":"binary-expr","locations":[{"start":{"line":159,"column":8},"end":{"line":159,"column":16}},{"start":{"line":159,"column":20},"end":{"line":159,"column":34}}],"line":159},"14":{"loc":{"start":{"line":164,"column":4},"end":{"line":166,"column":5}},"type":"if","locations":[{"start":{"line":164,"column":4},"end":{"line":166,"column":5}},{"start":{},"end":{}}],"line":164},"15":{"loc":{"start":{"line":190,"column":4},"end":{"line":192,"column":5}},"type":"if","locations":[{"start":{"line":190,"column":4},"end":{"line":192,"column":5}},{"start":{},"end":{}}],"line":190},"16":{"loc":{"start":{"line":195,"column":4},"end":{"line":197,"column":5}},"type":"if","locations":[{"start":{"line":195,"column":4},"end":{"line":197,"column":5}},{"start":{},"end":{}}],"line":195},"17":{"loc":{"start":{"line":216,"column":4},"end":{"line":218,"column":5}},"type":"if","locations":[{"start":{"line":216,"column":4},"end":{"line":218,"column":5}},{"start":{},"end":{}}],"line":216},"18":{"loc":{"start":{"line":221,"column":4},"end":{"line":223,"column":5}},"type":"if","locations":[{"start":{"line":221,"column":4},"end":{"line":223,"column":5}},{"start":{},"end":{}}],"line":221},"19":{"loc":{"start":{"line":230,"column":4},"end":{"line":232,"column":5}},"type":"if","locations":[{"start":{"line":230,"column":4},"end":{"line":232,"column":5}},{"start":{},"end":{}}],"line":230},"20":{"loc":{"start":{"line":230,"column":8},"end":{"line":230,"column":38}},"type":"binary-expr","locations":[{"start":{"line":230,"column":8},"end":{"line":230,"column":16}},{"start":{"line":230,"column":20},"end":{"line":230,"column":38}}],"line":230},"21":{"loc":{"start":{"line":233,"column":4},"end":{"line":235,"column":5}},"type":"if","locations":[{"start":{"line":233,"column":4},"end":{"line":235,"column":5}},{"start":{},"end":{}}],"line":233},"22":{"loc":{"start":{"line":236,"column":4},"end":{"line":238,"column":5}},"type":"if","locations":[{"start":{"line":236,"column":4},"end":{"line":238,"column":5}},{"start":{},"end":{}}],"line":236},"23":{"loc":{"start":{"line":236,"column":8},"end":{"line":236,"column":38}},"type":"binary-expr","locations":[{"start":{"line":236,"column":8},"end":{"line":236,"column":16}},{"start":{"line":236,"column":20},"end":{"line":236,"column":38}}],"line":236}},"s":{"0":0,"1":0,"2":0,"3":0,"4":0,"5":0,"6":0,"7":0,"8":0,"9":0,"10":0,"11":0,"12":0,"13":0,"14":0,"15":0,"16":0,"17":0,"18":0,"19":0,"20":0,"21":0,"22":0,"23":0,"24":0,"25":0,"26":0,"27":0,"28":0,"29":0,"30":0,"31":0,"32":0,"33":0,"34":0,"35":0,"36":0,"37":0,"38":0,"39":0,"40":0,"41":0,"42":0,"43":0,"44":0,"45":0,"46":0,"47":0,"48":0,"49":0,"50":0,"51":0,"52":0,"53":0,"54":0,"55":0,"56":0,"57":0,"58":0,"59":0,"60":0,"61":0,"62":0,"63":0,"64":0,"65":0,"66":0,"67":0,"68":0,"69":0,"70":0,"71":0,"72":0,"73":0,"74":0,"75":0,"76":0,"77":0,"78":0,"79":0,"80":0,"81":0,"82":0,"83":0,"84":0,"85":0,"86":0,"87":0,"88":0,"89":0,"90":0,"91":0,"92":0,"93":0,"94":0,"95":0,"96":0,"97":0,"98":0,"99":0,"100":0,"101":0,"102":0,"103":0,"104":0,"105":0,"106":0,"107":0,"108":0,"109":0,"110":0,"111":0},"f":{"0":0,"1":0,"2":0,"3":0,"4":0,"5":0,"6":0,"7":0,"8":0},"b":{"0":[0,0],"1":[0,0],"2":[0,0],"3":[0,0],"4":[0,0],"5":[0,0],"6":[0,0],"7":[0,0],"8":[0,0],"9":[0,0],"10":[0,0],"11":[0,0],"12":[0,0],"13":[0,0],"14":[0,0],"15":[0,0],"16":[0,0],"17":[0,0],"18":[0,0],"19":[0,0],"20":[0,0],"21":[0,0],"22":[0,0],"23":[0,0]}}
,"/home/charlie/Projects/smart-todo-app/backend/routes/todos.js": {"path":"/home/charlie/Projects/smart-todo-app/backend/routes/todos.js","statementMap":{"0":{"start":{"line":1,"column":16},"end":{"line":1,"column":34}},"1":{"start":{"line":2,"column":13},"end":{"line":2,"column":38}},"2":{"start":{"line":3,"column":23},"end":{"line":3,"column":62}},"3":{"start":{"line":4,"column":60},"end":{"line":4,"column":100}},"4":{"start":{"line":5,"column":34},"end":{"line":5,"column":69}},"5":{"start":{"line":6,"column":25},"end":{"line":6,"column":62}},"6":{"start":{"line":7,"column":15},"end":{"line":7,"column":42}},"7":{"start":{"line":9,"column":15},"end":{"line":9,"column":31}},"8":{"start":{"line":12,"column":0},"end":{"line":12,"column":27}},"9":{"start":{"line":15,"column":0},"end":{"line":36,"column":4}},"10":{"start":{"line":16,"column":44},"end":{"line":16,"column":53}},"11":{"start":{"line":18,"column":15},"end":{"line":18,"column":37}},"12":{"start":{"line":21,"column":2},"end":{"line":23,"column":3}},"13":{"start":{"line":22,"column":4},"end":{"line":22,"column":31}},"14":{"start":{"line":24,"column":2},"end":{"line":26,"column":3}},"15":{"start":{"line":25,"column":4},"end":{"line":25,"column":44}},"16":{"start":{"line":27,"column":2},"end":{"line":29,"column":3}},"17":{"start":{"line":28,"column":4},"end":{"line":28,"column":31}},"18":{"start":{"line":31,"column":16},"end":{"line":31,"column":63}},"19":{"start":{"line":33,"column":2},"end":{"line":33,"column":96}},"20":{"start":{"line":35,"column":2},"end":{"line":35,"column":18}},"21":{"start":{"line":39,"column":0},"end":{"line":59,"column":4}},"22":{"start":{"line":40,"column":96},"end":{"line":40,"column":104}},"23":{"start":{"line":42,"column":15},"end":{"line":52,"column":4}},"24":{"start":{"line":54,"column":2},"end":{"line":54,"column":20}},"25":{"start":{"line":56,"column":2},"end":{"line":56,"column":93}},"26":{"start":{"line":58,"column":2},"end":{"line":58,"column":29}},"27":{"start":{"line":62,"column":0},"end":{"line":97,"column":4}},"28":{"start":{"line":63,"column":95},"end":{"line":63,"column":103}},"29":{"start":{"line":65,"column":15},"end":{"line":68,"column":4}},"30":{"start":{"line":70,"column":2},"end":{"line":72,"column":3}},"31":{"start":{"line":71,"column":4},"end":{"line":71,"column":63}},"32":{"start":{"line":75,"column":2},"end":{"line":75,"column":46}},"33":{"start":{"line":75,"column":27},"end":{"line":75,"column":46}},"34":{"start":{"line":76,"column":2},"end":{"line":76,"column":64}},"35":{"start":{"line":76,"column":33},"end":{"line":76,"column":64}},"36":{"start":{"line":77,"column":2},"end":{"line":77,"column":55}},"37":{"start":{"line":77,"column":30},"end":{"line":77,"column":55}},"38":{"start":{"line":78,"column":2},"end":{"line":78,"column":55}},"39":{"start":{"line":78,"column":30},"end":{"line":78,"column":55}},"40":{"start":{"line":79,"column":2},"end":{"line":87,"column":3}},"41":{"start":{"line":80,"column":26},"end":{"line":80,"column":41}},"42":{"start":{"line":81,"column":4},"end":{"line":81,"column":31}},"43":{"start":{"line":84,"column":4},"end":{"line":86,"column":5}},"44":{"start":{"line":85,"column":6},"end":{"line":85,"column":48}},"45":{"start":{"line":88,"column":2},"end":{"line":88,"column":52}},"46":{"start":{"line":88,"column":29},"end":{"line":88,"column":52}},"47":{"start":{"line":89,"column":2},"end":{"line":89,"column":55}},"48":{"start":{"line":89,"column":30},"end":{"line":89,"column":55}},"49":{"start":{"line":90,"column":2},"end":{"line":90,"column":61}},"50":{"start":{"line":90,"column":32},"end":{"line":90,"column":61}},"51":{"start":{"line":92,"column":2},"end":{"line":92,"column":20}},"52":{"start":{"line":94,"column":2},"end":{"line":94,"column":106}},"53":{"start":{"line":96,"column":2},"end":{"line":96,"column":17}},"54":{"start":{"line":100,"column":0},"end":{"line":115,"column":4}},"55":{"start":{"line":101,"column":15},"end":{"line":104,"column":4}},"56":{"start":{"line":106,"column":2},"end":{"line":108,"column":3}},"57":{"start":{"line":107,"column":4},"end":{"line":107,"column":63}},"58":{"start":{"line":110,"column":2},"end":{"line":110,"column":46}},"59":{"start":{"line":112,"column":2},"end":{"line":112,"column":79}},"60":{"start":{"line":114,"column":2},"end":{"line":114,"column":53}},"61":{"start":{"line":118,"column":0},"end":{"line":142,"column":4}},"62":{"start":{"line":119,"column":25},"end":{"line":119,"column":33}},"63":{"start":{"line":121,"column":15},"end":{"line":124,"column":4}},"64":{"start":{"line":126,"column":2},"end":{"line":128,"column":3}},"65":{"start":{"line":127,"column":4},"end":{"line":127,"column":63}},"66":{"start":{"line":131,"column":2},"end":{"line":135,"column":4}},"67":{"start":{"line":137,"column":2},"end":{"line":137,"column":20}},"68":{"start":{"line":139,"column":2},"end":{"line":139,"column":85}},"69":{"start":{"line":141,"column":2},"end":{"line":141,"column":17}},"70":{"start":{"line":145,"column":0},"end":{"line":162,"column":4}},"71":{"start":{"line":146,"column":15},"end":{"line":149,"column":4}},"72":{"start":{"line":151,"column":2},"end":{"line":153,"column":3}},"73":{"start":{"line":152,"column":4},"end":{"line":152,"column":63}},"74":{"start":{"line":156,"column":2},"end":{"line":156,"column":34}},"75":{"start":{"line":157,"column":2},"end":{"line":157,"column":20}},"76":{"start":{"line":159,"column":2},"end":{"line":159,"column":86}},"77":{"start":{"line":161,"column":2},"end":{"line":161,"column":53}},"78":{"start":{"line":165,"column":0},"end":{"line":211,"column":4}},"79":{"start":{"line":166,"column":17},"end":{"line":166,"column":29}},"80":{"start":{"line":169,"column":21},"end":{"line":169,"column":31}},"81":{"start":{"line":170,"column":2},"end":{"line":170,"column":34}},"82":{"start":{"line":171,"column":19},"end":{"line":171,"column":29}},"83":{"start":{"line":172,"column":2},"end":{"line":172,"column":37}},"84":{"start":{"line":174,"column":57},"end":{"line":188,"column":4}},"85":{"start":{"line":190,"column":21},"end":{"line":193,"column":4}},"86":{"start":{"line":195,"column":24},"end":{"line":195,"column":26}},"87":{"start":{"line":196,"column":2},"end":{"line":198,"column":5}},"88":{"start":{"line":197,"column":4},"end":{"line":197,"column":41}},"89":{"start":{"line":200,"column":2},"end":{"line":200,"column":71}},"90":{"start":{"line":202,"column":2},"end":{"line":210,"column":5}},"91":{"start":{"line":213,"column":0},"end":{"line":213,"column":24}}},"fnMap":{"0":{"name":"(anonymous_0)","decl":{"start":{"line":15,"column":29},"end":{"line":15,"column":30}},"loc":{"start":{"line":15,"column":49},"end":{"line":36,"column":1}},"line":15},"1":{"name":"(anonymous_1)","decl":{"start":{"line":39,"column":60},"end":{"line":39,"column":61}},"loc":{"start":{"line":39,"column":80},"end":{"line":59,"column":1}},"line":39},"2":{"name":"(anonymous_2)","decl":{"start":{"line":62,"column":62},"end":{"line":62,"column":63}},"loc":{"start":{"line":62,"column":82},"end":{"line":97,"column":1}},"line":62},"3":{"name":"(anonymous_3)","decl":{"start":{"line":100,"column":35},"end":{"line":100,"column":36}},"loc":{"start":{"line":100,"column":55},"end":{"line":115,"column":1}},"line":100},"4":{"name":"(anonymous_4)","decl":{"start":{"line":118,"column":43},"end":{"line":118,"column":44}},"loc":{"start":{"line":118,"column":63},"end":{"line":142,"column":1}},"line":118},"5":{"name":"(anonymous_5)","decl":{"start":{"line":145,"column":46},"end":{"line":145,"column":47}},"loc":{"start":{"line":145,"column":66},"end":{"line":162,"column":1}},"line":145},"6":{"name":"(anonymous_6)","decl":{"start":{"line":165,"column":34},"end":{"line":165,"column":35}},"loc":{"start":{"line":165,"column":54},"end":{"line":211,"column":1}},"line":165},"7":{"name":"(anonymous_7)","decl":{"start":{"line":196,"column":21},"end":{"line":196,"column":22}},"loc":{"start":{"line":196,"column":29},"end":{"line":198,"column":3}},"line":196}},"branchMap":{"0":{"loc":{"start":{"line":21,"column":2},"end":{"line":23,"column":3}},"type":"if","locations":[{"start":{"line":21,"column":2},"end":{"line":23,"column":3}},{"start":{},"end":{}}],"line":21},"1":{"loc":{"start":{"line":21,"column":6},"end":{"line":21,"column":36}},"type":"binary-expr","locations":[{"start":{"line":21,"column":6},"end":{"line":21,"column":14}},{"start":{"line":21,"column":18},"end":{"line":21,"column":36}}],"line":21},"2":{"loc":{"start":{"line":24,"column":2},"end":{"line":26,"column":3}},"type":"if","locations":[{"start":{"line":24,"column":2},"end":{"line":26,"column":3}},{"start":{},"end":{}}],"line":24},"3":{"loc":{"start":{"line":27,"column":2},"end":{"line":29,"column":3}},"type":"if","locations":[{"start":{"line":27,"column":2},"end":{"line":29,"column":3}},{"start":{},"end":{}}],"line":27},"4":{"loc":{"start":{"line":27,"column":6},"end":{"line":27,"column":36}},"type":"binary-expr","locations":[{"start":{"line":27,"column":6},"end":{"line":27,"column":14}},{"start":{"line":27,"column":18},"end":{"line":27,"column":36}}],"line":27},"5":{"loc":{"start":{"line":70,"column":2},"end":{"line":72,"column":3}},"type":"if","locations":[{"start":{"line":70,"column":2},"end":{"line":72,"column":3}},{"start":{},"end":{}}],"line":70},"6":{"loc":{"start":{"line":75,"column":2},"end":{"line":75,"column":46}},"type":"if","locations":[{"start":{"line":75,"column":2},"end":{"line":75,"column":46}},{"start":{},"end":{}}],"line":75},"7":{"loc":{"start":{"line":76,"column":2},"end":{"line":76,"column":64}},"type":"if","locations":[{"start":{"line":76,"column":2},"end":{"line":76,"column":64}},{"start":{},"end":{}}],"line":76},"8":{"loc":{"start":{"line":77,"column":2},"end":{"line":77,"column":55}},"type":"if","locations":[{"start":{"line":77,"column":2},"end":{"line":77,"column":55}},{"start":{},"end":{}}],"line":77},"9":{"loc":{"start":{"line":78,"column":2},"end":{"line":78,"column":55}},"type":"if","locations":[{"start":{"line":78,"column":2},"end":{"line":78,"column":55}},{"start":{},"end":{}}],"line":78},"10":{"loc":{"start":{"line":79,"column":2},"end":{"line":87,"column":3}},"type":"if","locations":[{"start":{"line":79,"column":2},"end":{"line":87,"column":3}},{"start":{},"end":{}}],"line":79},"11":{"loc":{"start":{"line":84,"column":4},"end":{"line":86,"column":5}},"type":"if","locations":[{"start":{"line":84,"column":4},"end":{"line":86,"column":5}},{"start":{},"end":{}}],"line":84},"12":{"loc":{"start":{"line":84,"column":8},"end":{"line":84,"column":80}},"type":"binary-expr","locations":[{"start":{"line":84,"column":8},"end":{"line":84,"column":17}},{"start":{"line":84,"column":21},"end":{"line":84,"column":34}},{"start":{"line":84,"column":38},"end":{"line":84,"column":53}},{"start":{"line":84,"column":57},"end":{"line":84,"column":80}}],"line":84},"13":{"loc":{"start":{"line":88,"column":2},"end":{"line":88,"column":52}},"type":"if","locations":[{"start":{"line":88,"column":2},"end":{"line":88,"column":52}},{"start":{},"end":{}}],"line":88},"14":{"loc":{"start":{"line":89,"column":2},"end":{"line":89,"column":55}},"type":"if","locations":[{"start":{"line":89,"column":2},"end":{"line":89,"column":55}},{"start":{},"end":{}}],"line":89},"15":{"loc":{"start":{"line":90,"column":2},"end":{"line":90,"column":61}},"type":"if","locations":[{"start":{"line":90,"column":2},"end":{"line":90,"column":61}},{"start":{},"end":{}}],"line":90},"16":{"loc":{"start":{"line":106,"column":2},"end":{"line":108,"column":3}},"type":"if","locations":[{"start":{"line":106,"column":2},"end":{"line":108,"column":3}},{"start":{},"end":{}}],"line":106},"17":{"loc":{"start":{"line":126,"column":2},"end":{"line":128,"column":3}},"type":"if","locations":[{"start":{"line":126,"column":2},"end":{"line":128,"column":3}},{"start":{},"end":{}}],"line":126},"18":{"loc":{"start":{"line":151,"column":2},"end":{"line":153,"column":3}},"type":"if","locations":[{"start":{"line":151,"column":2},"end":{"line":153,"column":3}},{"start":{},"end":{}}],"line":151},"19":{"loc":{"start":{"line":208,"column":20},"end":{"line":208,"column":73}},"type":"cond-expr","locations":[{"start":{"line":208,"column":32},"end":{"line":208,"column":69}},{"start":{"line":208,"column":72},"end":{"line":208,"column":73}}],"line":208}},"s":{"0":1,"1":1,"2":1,"3":1,"4":1,"5":1,"6":1,"7":1,"8":1,"9":1,"10":5,"11":5,"12":5,"13":1,"14":5,"15":1,"16":5,"17":1,"18":5,"19":5,"20":5,"21":1,"22":3,"23":3,"24":3,"25":3,"26":3,"27":1,"28":4,"29":4,"30":3,"31"
[...]
,"/home/charlie/Projects/smart-todo-app/backend/services/openai.js": {"path":"/home/charlie/Projects/smart-todo-app/backend/services/openai.js","statementMap":{"0":{"start":{"line":1,"column":15},"end":{"line":1,"column":32}},"1":{"start":{"line":4,"column":13},"end":{"line":4,"column":17}},"2":{"start":{"line":5,"column":0},"end":{"line":9,"column":1}},"3":{"start":{"line":6,"column":2},"end":{"line":8,"column":5}},"4":{"start":{"line":17,"column":2},"end":{"line":67,"column":3}},"5":{"start":{"line":18,"column":4},"end":{"line":20,"column":5}},"6":{"start":{"line":19,"column":6},"end":{"line":19,"column":55}},"7":{"start":{"line":21,"column":23},"end":{"line":48,"column":6}},"8":{"start":{"line":50,"column":19},"end":{"line":50,"column":68}},"9":{"start":{"line":53,"column":28},"end":{"line":53,"column":81}},"10":{"start":{"line":54,"column":28},"end":{"line":54,"column":63}},"11":{"start":{"line":56,"column":4},"end":{"line":58,"column":5}},"12":{"start":{"line":57,"column":6},"end":{"line":57,"column":34}},"13":{"start":{"line":59,"column":4},"end":{"line":61,"column":5}},"14":{"start":{"line":60,"column":6},"end":{"line":60,"column":33}},"15":{"start":{"line":63,"column":4},"end":{"line":63,"column":18}},"16":{"start":{"line":65,"column":4},"end":{"line":65,"column":52}},"17":{"start":{"line":66,"column":4},"end":{"line":66,"column":52}},"18":{"start":{"line":78,"column":2},"end":{"line":114,"column":3}},"19":{"start":{"line":79,"column":4},"end":{"line":81,"column":5}},"20":{"start":{"line":80,"column":6},"end":{"line":80,"column":22}},"21":{"start":{"line":82,"column":24},"end":{"line":82,"column":103}},"22":{"start":{"line":84,"column":23},"end":{"line":107,"column":6}},"23":{"start":{"line":109,"column":19},"end":{"line":109,"column":68}},"24":{"start":{"line":110,"column":4},"end":{"line":110,"column":39}},"25":{"start":{"line":112,"column":4},"end":{"line":112,"column":58}},"26":{"start":{"line":113,"column":4},"end":{"line":113,"column":20}},"27":{"start":{"line":124,"column":2},"end":{"line":160,"column":3}},"28":{"start":{"line":125,"column":4},"end":{"line":127,"column":5}},"29":{"start":{"line":126,"column":6},"end":{"line":126,"column":16}},"30":{"start":{"line":128,"column":23},"end":{"line":153,"column":6}},"31":{"start":{"line":155,"column":19},"end":{"line":155,"column":68}},"32":{"start":{"line":156,"column":4},"end":{"line":156,"column":33}},"33":{"start":{"line":158,"column":4},"end":{"line":158,"column":56}},"34":{"start":{"line":159,"column":4},"end":{"line":159,"column":14}},"35":{"start":{"line":170,"column":2},"end":{"line":205,"column":3}},"36":{"start":{"line":171,"column":4},"end":{"line":173,"column":5}},"37":{"start":{"line":172,"column":6},"end":{"line":172,"column":23}},"38":{"start":{"line":174,"column":23},"end":{"line":198,"column":6}},"39":{"start":{"line":200,"column":19},"end":{"line":200,"column":68}},"40":{"start":{"line":201,"column":4},"end":{"line":201,"column":40}},"41":{"start":{"line":203,"column":4},"end":{"line":203,"column":57}},"42":{"start":{"line":204,"column":4},"end":{"line":204,"column":21}},"43":{"start":{"line":208,"column":0},"end":{"line":213,"column":2}}},"fnMap":{"0":{"name":"parseTask","decl":{"start":{"line":16,"column":15},"end":{"line":16,"column":24}},"loc":{"start":{"line":16,"column":32},"end":{"line":68,"column":1}},"line":16},"1":{"name":"suggestPriority","decl":{"start":{"line":77,"column":15},"end":{"line":77,"column":30}},"loc":{"start":{"line":77,"column":72},"end":{"line":115,"column":1}},"line":77},"2":{"name":"decomposeTask","decl":{"start":{"line":123,"column":15},"end":{"line":123,"column":28}},"loc":{"start":{"line":123,"column":54},"end":{"line":161,"column":1}},"line":123},"3":{"name":"categorizeTask","decl":{"start":{"line":169,"column":15},"end":{"line":169,"column":29}},"loc":{"start":{"line":169,"column":55},"end":{"line":206,"column":1}},"line":169}},"branchMap":{"0":{"loc":{"start":{"line":5,"column":0},"end":{"line":9,"column":1}},"type":"if","locations":[{"start":{"line":5,"column":0},"end":{"line":9,"column":1}},{"start":{},"end":{}}],"line":5},"1":{"loc":{"start":{"line":5,"column":4},"end":{"line":5,"column":91}},"type":"binary-expr","locations":[{"start":{"line":5,"column":4},"end":{"line":5,"column":30}},{"start":{"line":5,"column":34},"end":{"line":5,"column":91}}],"line":5},"2":{"loc":{"start":{"line":18,"column":4},"end":{"line":20,"column":5}},"type":"if","locations":[{"start":{"line":18,"column":4},"end":{"line":20,"column":5}},{"start":{},"end":{}}],"line":18},"3":{"loc":{"start":{"line":56,"column":4},"end":{"line":58,"column":5}},"type":"if","locations":[{"start":{"line":56,"column":4},"end":{"line":58,"column":5}},{"start":{},"end":{}}],"line":56},"4":{"loc":{"start":{"line":59,"column":4},"end":{"line":61,"column":5}},"type":"if","locations":[{"start":{"line":59,"column":4},"end":{"line":61,"column":5}},{"start":{},"end":{}}],"line":59},"5":{"loc":{"start":{"line":77,"column":38},"end":{"line":77,"column":54}},"type":"default-arg","locations":[{"start":{"line":77,"column":52},"end":{"line":77,"column":54}}],"line":77},"6":{"loc":{"start":{"line":77,"column":56},"end":{"line":77,"column":70}},"type":"default-arg","locations":[{"start":{"line":77,"column":66},"end":{"line":77,"column":70}}],"line":77},"7":{"loc":{"start":{"line":79,"column":4},"end":{"line":81,"column":5}},"type":"if","locations":[{"start":{"line":79,"column":4},"end":{"line":81,"column":5}},{"start":{},"end":{}}],"line":79},"8":{"loc":{"start":{"line":82,"column":24},"end":{"line":82,"column":103}},"type":"cond-expr","locations":[{"start":{"line":82,"column":34},"end":{"line":82,"column":87}},{"start":{"line":82,"column":90},"end":{"line":82,"column":103}}],"line":82},"9":{"loc":{"start":{"line":110,"column":11},"end":{"line":110,"column":38}},"type":"binary-expr","locations":[{"start":{"line":110,"column":11},"end":{"line":110,"column":26}},{"start":{"line":110,"column":30},"end":{"line":110,"column":38}}],"line":110},"10":{"loc":{"start":{"line":123,"column":36},"end":{"line":123,"column":52}},"type":"default-arg","locations":[{"start":{"line":123,"column":50},"end":{"line":123,"column":52}}],"line":123},"11":{"loc":{"start":{"line":125,"column":4},"end":{"line":127,"column":5}},"type":"if","locations":[{"start":{"line":125,"column":4},"end":{"line":127,"column":5}},{"start":{},"end":{}}],"line":125},"12":{"loc":{"start":{"line":156,"column":11},"end":{"line":156,"column":32}},"type":"binary-expr","locations":[{"start":{"line":156,"column":11},"end":{"line":156,"column":26}},{"start":{"line":156,"column":30},"end":{"line":156,"column":32}}],"line":156},"13":{"loc":{"start":{"line":169,"column":37},"end":{"line":169,"column":53}},"type":"default-arg","locations":[{"start":{"line":169,"column":51},"end":{"line":169,"column":53}}],"line":169},"14":{"loc":{"start":{"line":171,"column":4},"end":{"line":173,"column":5}},"type":"if","locations":[{"start":{"line":171,"column":4},"end":{"line":173,"column":5}},{"start":{},"end":{}}],"line":171},"15":{"loc":{"start":{"line":201,"column":11},"end":{"line":201,"column":39}},"type":"binary-expr","locations":[{"start":{"line":201,"column":11},"end":{"line":201,"column":26}},{"start":{"line":201,"column":30},"end":{"line":201,"column":39}}],"line":201}},"s":{"0":0,"1":0,"2":0,"3":0,"4":0,"5":0,"6":0,"7":0,"8":0,"9":0,"10":0,"11":0,"12":0,"13":0,"14":0,"15":0,"16":0,"17":0,"18":0,"19":0,"20":0,"21":0,"22":0,"23":0,"24":0,"25":0,"26":0,"27":0,"28":0,"29":0,"30":0,"31":0,"32":0,"33":0,"34":0,"35":0,"36":0,"37":0,"38":0,"39":0,"40":0,"41":0,"42":0,"43":0},"f":{"0":0,"1":0,"2":0,"3":0},"b":{"0":[0,0],"1":[0,0],"2":[0,0],"3":[0,0],"4":[0,0],"5":[0],"6":[0],"7":[0,0],"8":[0,0],"9":[0,0],"10":[0],"11":[0,0],"12":[0,0],"13":[0],"14":[0,0],"15":[0,0]}}
,"/home/charlie/Projects/smart-todo-app/backend/services/recurrenceService.js": {"path":"/home/charlie/Projects/smart-todo-app/backend/services/recurrenceService.js","statementMap":{"0":{"start":{"line":1,"column":13},"end":{"line":1,"column":38}},"1":{"start":{"line":7,"column":25},"end":{"line":7,"column":29}},"2":{"start":{"line":8,"column":2},"end":{"line":8,"column":54}},"3":{"start":{"line":8,"column":42},"end":{"line":8,"column":54}},"4":{"start":{"line":10,"column":19},"end":{"line":10,"column":37}},"5":{"start":{"line":11,"column":17},"end":{"line":11,"column":35}},"6":{"start":{"line":13,"column":2},"end":{"line":59,"column":3}},"7":{"start":{"line":15,"column":6},"end":{"line":15,"column":65}},"8":{"start":{"line":16,"column":6},"end":{"line":16,"column":12}},"9":{"start":{"line":20,"column":6},"end":{"line":39,"column":7}},"10":{"start":{"line":21,"column":27},"end":{"line":21,"column":75}},"11":{"start":{"line":21,"column":69},"end":{"line":21,"column":74}},"12":{"start":{"line":22,"column":27},"end":{"line":22,"column":44}},"13":{"start":{"line":25,"column":23},"end":{"line":25,"column":63}},"14":{"start":{"line":25,"column":46},"end":{"line":25,"column":62}},"15":{"start":{"line":27,"column":8},"end":{"line":35,"column":9}},"16":{"start":{"line":29,"column":10},"end":{"line":29,"column":73}},"17":{"start":{"line":32,"column":27},"end":{"line":32,"column":40}},"18":{"start":{"line":33,"column":36},"end":{"line":33,"column":61}},"19":{"start":{"line":34,"column":10},"end":{"line":34,"column":67}},"20":{"start":{"line":38,"column":8},"end":{"line":38,"column":73}},"21":{"start":{"line":40,"column":6},"end":{"line":40,"column":12}},"22":{"start":{"line":43,"column":6},"end":{"line":50,"column":7}},"23":{"start":{"line":45,"column":8},"end":{"line":45,"column":69}},"24":{"start":{"line":46,"column":8},"end":{"line":46,"column":84}},"25":{"start":{"line":49,"column":8},"end":{"line":49,"column":69}},"26":{"start":{"line":51,"column":6},"end":{"line":51,"column":12}},"27":{"start":{"line":54,"column":6},"end":{"line":54,"column":73}},"28":{"start":{"line":55,"column":6},"end":{"line":55,"column":12}},"29":{"start":{"line":58,"column":6},"end":{"line":58,"column":18}},"30":{"start":{"line":62,"column":2},"end":{"line":64,"column":3}},"31":{"start":{"line":63,"column":4},"end":{"line":63,"column":16}},"32":{"start":{"line":66,"column":2},"end":{"line":66,"column":18}},"33":{"start":{"line":73,"column":2},"end":{"line":73,"column":72}},"34":{"start":{"line":80,"column":2},"end":{"line":117,"column":3}},"35":{"start":{"line":81,"column":20},"end":{"line":81,"column":64}},"36":{"start":{"line":83,"column":4},"end":{"line":86,"column":5}},"37":{"start":{"line":85,"column":6},"end":{"line":85,"column":18}},"38":{"start":{"line":89,"column":20},"end":{"line":104,"column":6}},"39":{"start":{"line":97,"column":47},"end":{"line":100,"column":7}},"40":{"start":{"line":106,"column":4},"end":{"line":106,"column":25}},"41":{"start":{"line":109,"column":4},"end":{"line":109,"column":51}},"42":{"start":{"line":110,"column":4},"end":{"line":110,"column":44}},"43":{"start":{"line":111,"column":4},"end":{"line":111,"column":28}},"44":{"start":{"line":113,"column":4},"end":{"line":113,"column":19}},"45":{"start":{"line":115,"column":4},"end":{"line":115,"column":58}},"46":{"start":{"line":116,"column":4},"end":{"line":116,"column":16}},"47":{"start":{"line":125,"column":2},"end":{"line":160,"column":3}},"48":{"start":{"line":126,"column":16},"end":{"line":126,"column":26}},"49":{"start":{"line":129,"column":27},"end":{"line":135,"column":6}},"50":{"start":{"line":137,"column":4},"end":{"line":137,"column":78}},"51":{"start":{"line":139,"column":20},"end":{"line":139,"column":22}},"52":{"start":{"line":140,"column":4},"end":{"line":153,"column":5}},"53":{"start":{"line":142,"column":31},"end":{"line":145,"column":8}},"54":{"start":{"line":147,"column":6},"end":{"line":152,"column":7}},"55":{"start":{"line":148,"column":28},"end":{"line":148,"column":58}},"56":{"start":{"line":149,"column":8},"end":{"line":151,"column":9}},"57":{"start":{"line":150,"column":10},"end":{"line":150,"column":36}},"58":{"start":{"line":155,"column":4},"end":{"line":155,"column":69}},"59":{"start":{"line":156,"column":4},"end":{"line":156,"column":19}},"60":{"start":{"line":158,"column":4},"end":{"line":158,"column":66}},"61":{"start":{"line":159,"column":4},"end":{"line":159,"column":16}},"62":{"start":{"line":167,"column":2},"end":{"line":181,"column":3}},"63":{"start":{"line":168,"column":17},"end":{"line":168,"column":44}},"64":{"start":{"line":170,"column":4},"end":{"line":170,"column":27}},"65":{"start":{"line":170,"column":15},"end":{"line":170,"column":27}},"66":{"start":{"line":173,"column":4},"end":{"line":175,"column":5}},"67":{"start":{"line":174,"column":6},"end":{"line":174,"column":44}},"68":{"start":{"line":177,"column":4},"end":{"line":177,"column":16}},"69":{"start":{"line":179,"column":4},"end":{"line":179,"column":65}},"70":{"start":{"line":180,"column":4},"end":{"line":180,"column":16}},"71":{"start":{"line":184,"column":0},"end":{"line":189,"column":2}}},"fnMap":{"0":{"name":"calculateNextDueDate","decl":{"start":{"line":6,"column":9},"end":{"line":6,"column":29}},"loc":{"start":{"line":6,"column":59},"end":{"line":67,"column":1}},"line":6},"1":{"name":"(anonymous_1)","decl":{"start":{"line":21,"column":59},"end":{"line":21,"column":60}},"loc":{"start":{"line":21,"column":69},"end":{"line":21,"column":74}},"line":21},"2":{"name":"(anonymous_2)","decl":{"start":{"line":25,"column":39},"end":{"line":25,"column":40}},"loc":{"start":{"line":25,"column":46},"end":{"line":25,"column":62}},"line":25},"3":{"name":"getDaysInMonth","decl":{"start":{"line":72,"column":9},"end":{"line":72,"column":23}},"loc":{"start":{"line":72,"column":30},"end":{"line":74,"column":1}},"line":72},"4":{"name":"createNextInstance","decl":{"start":{"line":79,"column":15},"end":{"line":79,"column":33}},"loc":{"start":{"line":79,"column":46},"end":{"line":118,"column":1}},"line":79},"5":{"name":"(anonymous_5)","decl":{"start":{"line":97,"column":40},"end":{"line":97,"column":41}},"loc":{"start":{"line":97,"column":47},"end":{"line":100,"column":7}},"line":97},"6":{"name":"processOverdueRecurrences","decl":{"start":{"line":124,"column":15},"end":{"line":124,"column":40}},"loc":{"start":{"line":124,"column":43},"end":{"line":161,"column":1}},"line":124},"7":{"name":"handleRecurringCompletion","decl":{"start":{"line":166,"column":15},"end":{"line":166,"column":40}},"loc":{"start":{"line":166,"column":49},"end":{"line":182,"column":1}},"line":166}},"branchMap":{"0":{"loc":{"start":{"line":6,"column":36},"end":{"line":6,"column":57}},"type":"default-arg","locations":[{"start":{"line":6,"column":47},"end":{"line":6,"column":57}}],"line":6},"1":{"loc":{"start":{"line":8,"column":2},"end":{"line":8,"column":54}},"type":"if","locations":[{"start":{"line":8,"column":2},"end":{"line":8,"column":54}},{"start":{},"end":{}}],"line":8},"2":{"loc":{"start":{"line":8,"column":6},"end":{"line":8,"column":40}},"type":"binary-expr","locations":[{"start":{"line":8,"column":6},"end":{"line":8,"column":17}},{"start":{"line":8,"column":21},"end":{"line":8,"column":40}}],"line":8},"3":{"loc":{"start":{"line":13,"column":2},"end":{"line":59,"column":3}},"type":"switch","locations":[{"start":{"line":14,"column":4},"end":{"line":16,"column":12}},{"start":{"line":18,"column":4},"end":{"line":40,"column":12}},{"start":{"line":42,"column":4},"end":{"line":51,"column":12}},{"start":{"line":53,"column":4},"end":{"line":55,"column":12}},{"start":{"line":57,"column":4},"end":{"line":58,"column":18}}],"line":13},"4":{"loc":{"start":{"line":20,"column":6},"end":{"line":39,"column":7}},"type":"if","locations":[{"start":{"line":20,"column":6},"end":{"line":39,"column":7}},{"start":{"line":36,"column":13},"end":{"line":39,"column":7}}],"line":20},"5":{"loc":{"start":{"line":20,"column":10},"end":{"line":20,"column":67}},"type":"binary-expr","locations":[{"start":{"line":20,"column":10},"end":{"line":20,"column":31}},{"start":{"line":20,"column":35},"end":{"line":20,"column":67}}],"line":20},"6":{"loc":{"start":{"line":27,"column":8},"end":{"line":35,"column":9}},"type":"if","locations":[{"start":{"line":27,"column":8},"end":{"line":35,"column":9}},{"start":{"line":30,"column":15},"end":{"line":35,"column":9}}],"line":27},"7":{"loc":{"start":{"line":43,"column":6},"end":{"line":50,"column":7}},"type":"if","locations":[{"start":{"line":43,"column":6},"end":{"line":50,"column":7}},{"start":{"line":47,"column":13},"end":{"line":50,"column":7}}],"line":43},"8":{"loc":{"start":{"line":62,"column":2},"end":{"line":64,"column":3}},"type":"if","locations":[{"start":{"line":62,"column":2},"end":{"line":64,"column":3}},{"start":{},"end":{}}],"line":62},"9":{"loc":{"start":{"line":62,"column":6},"end":{"line":62,"column":67}},"type":"binary-expr","locations":[{"start":{"line":62,"column":6},"end":{"line":62,"column":24}},{"start":{"line":62,"column":28},"end":{"line":62,"column":67}}],"line":62},"10":{"loc":{"start":{"line":83,"column":4},"end":{"line":86,"column":5}},"type":"if","locations":[{"start":{"line":83,"column":4},"end":{"line":86,"column":5}},{"start":{},"end":{}}],"line":83},"11":{"loc":{"start":{"line":144,"column":25},"end":{"line":144,"column":67}},"type":"binary-expr","locations":[{"start":{"line":144,"column":25},"end":{"line":144,"column":52}},{"start":{"line":144,"column":56},"end":{"line":144,"column":67}}],"line":144},"12":{"loc":{"start":{"line":147,"column":6},"end":{"line":152,"column":7}},"type":"if","locations":[{"start":{"line":147,"column":6},"end":{"line":152,"column":7}},{"start":{},"end":{}}],"line":147},"13":{"loc":{"start":{"line":149,"column":8},"end":{"line":151,"column":9}},"type":"if","locations":[{"start":{"line":149,"column":8},"end":{"line":151,"column":9}},{"start":{},"end":{}}],"line":149},"14":{"loc":{"start":{"line":170,"column":4},"end":{"line":170,"column":27}},"type":"if","locations":[{"start":{"line":170,"column":4},"end":{"line":170,"column":27}},{"start":{},"end":{}}],"line":170},"15":{"loc":{"start":{"line":173,"column":4},"end":{"line":175,"column":5}},"type":"if","locations":[{"start":{"line":173,"column":4},"end":{"line":175,"column":5}},{"start":{},"end":{}}],"line":173},"16":{"loc":{"start":{"line":173,"column":8},"end":{"line":173,"column":79}},"type":"binary-expr","locations":[{"start":{"line":173,"column":8},"end":{"line":173,"column":23}},{"start":{"line":173,"column":27},"end":{"line":173,"column":50}},{"start":{"line":173,"column":54},"end":{"line":173,"column":79}}],"line":173}},"s":{"0":1,"1":0,"2":0,"3":0,"4":0,"5":0,"6":0,"7":0,"8":0,"9":0,"10":0,"11":0,"12":0,"13":0,"14":0,"15":0,"16":0,"17":0,"18":0,"19":0,"20":0,"21":0,"22":0,"23":0,"24":0,"25":0,"26":0,"27":0,"28":0,"29":0,"30":0,"31":0,"32":0,"33":0,"34":0,"35":0,"36":0,"37":0,"38":0,"39":0,"40":0,"41":0,"42":0,"43":0,"44":0,"45":0,"46":0,"47":0,"48":0,"49":0,"50":0,"51":0,"52":0,"53":0,"54":0,"55":0,"56":0,"57":0,"58":0,"59":0,"60":0,"61":0,"62":0,"63":0,"64":0,"65":0,"66":0,"67":0,"68":0,"69":0,"70":0,"71":1},"f":{"0":0,"1":0,"2":0,"3":0,"4":0,"5":0,"6":0,"7":0},"b":{"0":[0],"1":[0,0],"2":[0,0],"3":[0,0,0,0,0],"4":[0,0],"5":[0,0],"6":[0,0],"7":[0,0],"8":[0,0],"9":[0,0],"10":[0,0],"11":[0,0],"12":[0,0],"13":[0,0],"14":[0,0],"15":[0,0],"16":[0,0,0]},"_coverageSchema":"1a1c01bbd47fc00a2c39e90264f33305004495a9","hash":"689780b71ce933d3ab52c4778d23eb3c2bfe20ce"}
}
