TN:
SF:middleware/authMiddleware.js
FN:4,(anonymous_0)
FNF:1
FNH:1
FNDA:30,(anonymous_0)
DA:1,2
DA:2,2
DA:4,2
DA:5,30
DA:6,30
DA:8,30
DA:9,6
DA:12,24
DA:13,23
DA:15,23
DA:16,0
DA:19,23
DA:20,23
DA:22,1
DA:26,2
LF:15
LH:14
BRDA:8,0,0,6
BRDA:8,0,1,24
BRDA:15,1,0,0
BRDA:15,1,1,23
BRF:4
BRH:3
end_of_record
TN:
SF:middleware/errorHandler.js
FN:4,(anonymous_0)
FN:33,(anonymous_1)
FN:40,(anonymous_2)
FN:40,(anonymous_3)
FNF:4
FNH:2
FNDA:0,(anonymous_0)
FNDA:0,(anonymous_1)
FNDA:9,(anonymous_2)
FNDA:22,(anonymous_3)
DA:1,2
DA:4,2
DA:6,0
DA:16,0
DA:19,0
DA:25,0
DA:26,0
DA:29,0
DA:33,2
DA:34,0
DA:35,0
DA:36,0
DA:40,9
DA:41,22
DA:44,2
LF:15
LH:6
BRDA:12,0,0,0
BRDA:12,0,1,0
BRDA:16,1,0,0
BRDA:16,1,1,0
BRDA:16,1,2,0
BRDA:20,2,0,0
BRDA:20,2,1,0
BRDA:21,3,0,0
BRDA:21,3,1,0
BRDA:25,4,0,0
BRDA:25,4,1,0
BRDA:25,5,0,0
BRDA:25,5,1,0
BRF:13
BRH:0
end_of_record
TN:
SF:middleware/rateLimiter.js
FN:30,(anonymous_0)
FN:41,(anonymous_1)
FN:58,(anonymous_2)
FN:77,(anonymous_3)
FN:94,(anonymous_4)
FN:110,(anonymous_5)
FN:125,(anonymous_6)
FN:143,(anonymous_7)
FN:151,(anonymous_8)
FN:159,(anonymous_9)
FNF:10
FNH:0
FNDA:0,(anonymous_0)
FNDA:0,(anonymous_1)
FNDA:0,(anonymous_2)
FNDA:0,(anonymous_3)
FNDA:0,(anonymous_4)
FNDA:0,(anonymous_5)
FNDA:0,(anonymous_6)
FNDA:0,(anonymous_7)
FNDA:0,(anonymous_8)
FNDA:0,(anonymous_9)
DA:1,0
DA:2,0
DA:23,0
DA:30,0
DA:31,0
DA:37,0
DA:41,0
DA:42,0
DA:50,0
DA:60,0
DA:69,0
DA:78,0
DA:85,0
DA:94,0
DA:102,0
DA:111,0
DA:117,0
DA:125,0
DA:132,0
DA:143,0
DA:151,0
DA:152,0
DA:159,0
DA:164,0
LF:24
LH:0
BRDA:151,0,0,0
BRDA:153,1,0,0
BRDA:153,1,1,0
BRDA:154,2,0,0
BRDA:154,2,1,0
BRDA:155,3,0,0
BRDA:155,3,1,0
BRDA:156,4,0,0
BRDA:156,4,1,0
BRF:9
BRH:0
end_of_record
TN:
SF:middleware/validation.js
FN:5,(anonymous_0)
FN:6,(anonymous_1)
FN:13,(anonymous_2)
FNF:3
FNH:3
FNDA:7,(anonymous_0)
FNDA:30,(anonymous_1)
FNDA:22,(anonymous_2)
DA:1,3
DA:2,3
DA:5,3
DA:6,7
DA:7,30
DA:12,30
DA:13,22
DA:18,15
DA:25,15
DA:32,15
DA:33,15
DA:38,3
DA:74,3
DA:89,3
DA:159,3
DA:173,3
DA:195,3
LF:17
LH:17
BRDA:12,0,0,15
BRDA:12,0,1,15
BRF:2
BRH:2
end_of_record
TN:
SF:models/SharedList.js
FN:65,(anonymous_0)
FN:71,(anonymous_1)
FN:75,(anonymous_2)
FN:89,(anonymous_3)
FN:91,(anonymous_4)
FN:96,(anonymous_5)
FN:98,(anonymous_6)
FN:104,(anonymous_7)
FNF:8
FNH:0
FNDA:0,(anonymous_0)
FNDA:0,(anonymous_1)
FNDA:0,(anonymous_2)
FNDA:0,(anonymous_3)
FNDA:0,(anonymous_4)
FNDA:0,(anonymous_5)
FNDA:0,(anonymous_6)
FNDA:0,(anonymous_7)
DA:1,0
DA:3,0
DA:60,0
DA:61,0
DA:62,0
DA:65,0
DA:66,0
DA:67,0
DA:71,0
DA:73,0
DA:74,0
DA:75,0
DA:78,0
DA:79,0
DA:85,0
DA:89,0
DA:90,0
DA:91,0
DA:96,0
DA:97,0
DA:98,0
DA:100,0
DA:104,0
DA:105,0
DA:106,0
DA:109,0
LF:26
LH:0
BRDA:73,0,0,0
BRDA:73,0,1,0
BRDA:78,1,0,0
BRDA:78,1,1,0
BRDA:100,2,0,0
BRDA:100,2,1,0
BRDA:106,3,0,0
BRDA:106,3,1,0
BRF:8
BRH:0
end_of_record
TN:
SF:models/Todo.js
FN:119,(anonymous_0)
FNF:1
FNH:1
FNDA:74,(anonymous_0)
DA:1,2
DA:3,2
DA:110,2
DA:111,2
DA:112,2
DA:113,2
DA:114,2
DA:115,2
DA:116,2
DA:119,2
DA:120,74
DA:121,31
DA:122,12
DA:124,19
DA:127,74
DA:130,2
LF:16
LH:16
BRDA:120,0,0,31
BRDA:120,0,1,43
BRDA:121,1,0,12
BRDA:121,1,1,19
BRF:4
BRH:4
end_of_record
TN:
SF:models/User.js
FN:32,(anonymous_0)
FN:45,(anonymous_1)
FNF:2
FNH:2
FNDA:83,(anonymous_0)
FNDA:6,(anonymous_1)
DA:1,4
DA:2,4
DA:4,4
DA:28,4
DA:29,4
DA:32,4
DA:33,83
DA:35,81
DA:36,81
DA:37,81
DA:38,81
DA:40,0
DA:45,4
DA:46,6
DA:49,4
LF:15
LH:14
BRDA:33,0,0,2
BRDA:33,0,1,81
BRF:2
BRH:2
end_of_record
TN:
SF:routes/ai.js
FN:19,(anonymous_0)
FN:41,(anonymous_1)
FN:62,(anonymous_2)
FN:83,(anonymous_3)
FNF:4
FNH:0
FNDA:0,(anonymous_0)
FNDA:0,(anonymous_1)
FNDA:0,(anonymous_2)
FNDA:0,(anonymous_3)
DA:1,0
DA:2,0
DA:3,0
DA:4,0
DA:5,0
DA:6,0
DA:8,0
DA:11,0
DA:19,0
DA:20,0
DA:22,0
DA:23,0
DA:24,0
DA:29,0
DA:31,0
DA:32,0
DA:41,0
DA:42,0
DA:44,0
DA:45,0
DA:50,0
DA:52,0
DA:53,0
DA:62,0
DA:63,0
DA:65,0
DA:66,0
DA:71,0
DA:73,0
DA:74,0
DA:83,0
DA:84,0
DA:86,0
DA:87,0
DA:92,0
DA:94,0
DA:95,0
DA:98,0
LF:38
LH:0
BRDA:22,0,0,0
BRDA:22,0,1,0
BRDA:22,1,0,0
BRDA:22,1,1,0
BRDA:44,2,0,0
BRDA:44,2,1,0
BRDA:44,3,0,0
BRDA:44,3,1,0
BRDA:65,4,0,0
BRDA:65,4,1,0
BRDA:65,5,0,0
BRDA:65,5,1,0
BRDA:86,6,0,0
BRDA:86,6,1,0
BRDA:86,7,0,0
BRDA:86,7,1,0
BRF:16
BRH:0
end_of_record
TN:
SF:routes/analytics.js
FN:13,(anonymous_0)
FN:29,(anonymous_1)
FN:31,(anonymous_2)
FN:36,(anonymous_3)
FN:49,(anonymous_4)
FN:63,(anonymous_5)
FN:69,(anonymous_6)
FN:91,(anonymous_7)
FN:113,(anonymous_8)
FN:127,(anonymous_9)
FN:133,(anonymous_10)
FN:147,(anonymous_11)
FN:147,(anonymous_12)
FNF:13
FNH:0
FNDA:0,(anonymous_0)
FNDA:0,(anonymous_1)
FNDA:0,(anonymous_2)
FNDA:0,(anonymous_3)
FNDA:0,(anonymous_4)
FNDA:0,(anonymous_5)
FNDA:0,(anonymous_6)
FNDA:0,(anonymous_7)
FNDA:0,(anonymous_8)
FNDA:0,(anonymous_9)
FNDA:0,(anonymous_10)
FNDA:0,(anonymous_11)
FNDA:0,(anonymous_12)
DA:1,0
DA:2,0
DA:3,0
DA:4,0
DA:5,0
DA:7,0
DA:10,0
DA:13,0
DA:14,0
DA:15,0
DA:16,0
DA:18,0
DA:19,0
DA:21,0
DA:22,0
DA:25,0
DA:28,0
DA:29,0
DA:30,0
DA:31,0
DA:34,0
DA:35,0
DA:36,0
DA:37,0
DA:38,0
DA:39,0
DA:41,0
DA:42,0
DA:43,0
DA:48,0
DA:49,0
DA:50,0
DA:54,0
DA:55,0
DA:56,0
DA:57,0
DA:58,0
DA:60,0
DA:61,0
DA:63,0
DA:64,0
DA:65,0
DA:66,0
DA:69,0
DA:70,0
DA:71,0
DA:74,0
DA:82,0
DA:83,0
DA:84,0
DA:85,0
DA:86,0
DA:88,0
DA:89,0
DA:91,0
DA:92,0
DA:93,0
DA:94,0
DA:97,0
DA:105,0
DA:106,0
DA:107,0
DA:109,0
DA:110,0
DA:113,0
DA:115,0
DA:116,0
DA:117,0
DA:118,0
DA:119,0
DA:121,0
DA:122,0
DA:127,0
DA:128,0
DA:129,0
DA:130,0
DA:132,0
DA:133,0
DA:134,0
DA:135,0
DA:137,0
DA:138,0
DA:140,0
DA:146,0
DA:147,0
DA:148,0
DA:149,0
DA:152,0
DA:155,0
DA:157,0
DA:158,0
DA:159,0
DA:160,0
DA:161,0
DA:162,0
DA:163,0
DA:165,0
DA:193,0
DA:194,0
DA:198,0
LF:100
LH:0
BRDA:16,0,0,0
BRDA:19,1,0,0
BRDA:19,1,1,0
BRDA:31,2,0,0
BRDA:31,2,1,0
BRDA:31,2,2,0
BRDA:37,3,0,0
BRDA:37,3,1,0
BRDA:38,4,0,0
BRDA:38,4,1,0
BRDA:42,5,0,0
BRDA:42,5,1,0
BRDA:50,6,0,0
BRDA:50,6,1,0
BRDA:64,7,0,0
BRDA:64,7,1,0
BRDA:66,8,0,0
BRDA:66,8,1,0
BRDA:71,9,0,0
BRDA:71,9,1,0
BRDA:92,10,0,0
BRDA:92,10,1,0
BRDA:94,11,0,0
BRDA:94,11,1,0
BRDA:100,12,0,0
BRDA:100,12,1,0
BRDA:100,13,0,0
BRDA:100,13,1,0
BRDA:100,14,0,0
BRDA:100,14,1,0
BRDA:100,15,0,0
BRDA:100,15,1,0
BRDA:116,16,0,0
BRDA:116,16,1,0
BRDA:118,17,0,0
BRDA:118,17,1,0
BRDA:121,18,0,0
BRDA:121,18,1,0
BRDA:127,19,0,0
BRDA:127,19,1,0
BRDA:127,19,2,0
BRDA:132,20,0,0
BRDA:132,20,1,0
BRDA:137,21,0,0
BRDA:137,21,1,0
BRDA:157,22,0,0
BRDA:157,22,1,0
BRDA:158,23,0,0
BRDA:158,23,1,0
BRDA:159,24,0,0
BRDA:159,24,1,0
BRDA:160,25,0,0
BRDA:160,25,1,0
BRDA:161,26,0,0
BRDA:161,26,1,0
BRDA:162,27,0,0
BRDA:162,27,1,0
BRDA:163,28,0,0
BRDA:163,28,1,0
BRDA:171,29,0,0
BRDA:171,29,1,0
BRDA:188,30,0,0
BRDA:188,30,1,0
BRF:63
BRH:0
end_of_record
TN:
SF:routes/auth.js
FN:12,(anonymous_0)
FN:17,(anonymous_1)
FN:55,(anonymous_2)
FN:91,(anonymous_3)
FNF:4
FNH:4
FNDA:2,(anonymous_0)
FNDA:3,(anonymous_1)
FNDA:3,(anonymous_2)
FNDA:1,(anonymous_3)
DA:1,1
DA:2,1
DA:3,1
DA:4,1
DA:5,1
DA:6,1
DA:7,1
DA:9,1
DA:12,1
DA:13,2
DA:17,1
DA:18,3
DA:20,3
DA:23,3
DA:27,3
DA:28,2
DA:29,2
DA:35,1
DA:36,1
DA:38,1
DA:41,1
DA:43,1
DA:55,1
DA:56,3
DA:58,3
DA:61,3
DA:62,3
DA:63,1
DA:64,1
DA:68,2
DA:69,2
DA:70,1
DA:71,1
DA:75,1
DA:77,1
DA:79,1
DA:91,1
DA:92,1
DA:101,1
LF:39
LH:39
BRDA:27,0,0,2
BRDA:27,0,1,1
BRDA:30,1,0,1
BRDA:30,1,1,1
BRDA:62,2,0,1
BRDA:62,2,1,2
BRDA:69,3,0,1
BRDA:69,3,1,1
BRF:8
BRH:8
end_of_record
TN:
SF:routes/sharedLists.js
FN:16,(anonymous_0)
FN:33,(anonymous_1)
FN:56,(anonymous_2)
FN:83,(anonymous_3)
FN:119,(anonymous_4)
FN:147,(anonymous_5)
FN:169,(anonymous_6)
FN:186,(anonymous_7)
FN:212,(anonymous_8)
FNF:9
FNH:0
FNDA:0,(anonymous_0)
FNDA:0,(anonymous_1)
FNDA:0,(anonymous_2)
FNDA:0,(anonymous_3)
FNDA:0,(anonymous_4)
FNDA:0,(anonymous_5)
FNDA:0,(anonymous_6)
FNDA:0,(anonymous_7)
FNDA:0,(anonymous_8)
DA:1,0
DA:2,0
DA:3,0
DA:4,0
DA:5,0
DA:6,0
DA:7,0
DA:8,0
DA:10,0
DA:13,0
DA:16,0
DA:17,0
DA:18,0
DA:25,0
DA:27,0
DA:28,0
DA:33,0
DA:34,0
DA:35,0
DA:39,0
DA:40,0
DA:44,0
DA:45,0
DA:48,0
DA:50,0
DA:51,0
DA:56,0
DA:57,0
DA:58,0
DA:60,0
DA:61,0
DA:64,0
DA:69,0
DA:71,0
DA:75,0
DA:77,0
DA:78,0
DA:83,0
DA:84,0
DA:85,0
DA:87,0
DA:88,0
DA:91,0
DA:93,0
DA:94,0
DA:98,0
DA:99,0
DA:103,0
DA:105,0
DA:107,0
DA:108,0
DA:112,0
DA:118,0
DA:119,0
DA:122,0
DA:123,0
DA:126,0
DA:132,0
DA:134,0
DA:139,0
DA:141,0
DA:142,0
DA:147,0
DA:148,0
DA:149,0
DA:151,0
DA:152,0
DA:156,0
DA:157,0
DA:159,0
DA:160,0
DA:164,0
DA:165,0
DA:168,0
DA:169,0
DA:172,0
DA:174,0
DA:178,0
DA:180,0
DA:181,0
DA:186,0
DA:187,0
DA:188,0
DA:190,0
DA:191,0
DA:195,0
DA:196,0
DA:200,0
DA:202,0
DA:204,0
DA:206,0
DA:207,0
DA:212,0
DA:213,0
DA:214,0
DA:216,0
DA:217,0
DA:221,0
DA:222,0
DA:225,0
DA:227,0
DA:230,0
DA:231,0
DA:233,0
DA:234,0
DA:236,0
DA:237,0
DA:240,0
DA:244,0
DA:246,0
DA:247,0
DA:251,0
LF:112
LH:0
BRDA:39,0,0,0
BRDA:39,0,1,0
BRDA:44,1,0,0
BRDA:44,1,1,0
BRDA:60,2,0,0
BRDA:60,2,1,0
BRDA:60,3,0,0
BRDA:60,3,1,0
BRDA:87,4,0,0
BRDA:87,4,1,0
BRDA:87,5,0,0
BRDA:87,5,1,0
BRDA:93,6,0,0
BRDA:93,6,1,0
BRDA:98,7,0,0
BRDA:98,7,1,0
BRDA:105,8,0,0
BRDA:105,8,1,0
BRDA:107,9,0,0
BRDA:107,9,1,0
BRDA:122,10,0,0
BRDA:122,10,1,0
BRDA:151,11,0,0
BRDA:151,11,1,0
BRDA:159,12,0,0
BRDA:159,12,1,0
BRDA:159,13,0,0
BRDA:159,13,1,0
BRDA:164,14,0,0
BRDA:164,14,1,0
BRDA:190,15,0,0
BRDA:190,15,1,0
BRDA:195,16,0,0
BRDA:195,16,1,0
BRDA:216,17,0,0
BRDA:216,17,1,0
BRDA:221,18,0,0
BRDA:221,18,1,0
BRDA:230,19,0,0
BRDA:230,19,1,0
BRDA:230,20,0,0
BRDA:230,20,1,0
BRDA:233,21,0,0
BRDA:233,21,1,0
BRDA:236,22,0,0
BRDA:236,22,1,0
BRDA:236,23,0,0
BRDA:236,23,1,0
BRF:48
BRH:0
end_of_record
TN:
SF:routes/todos.js
FN:15,(anonymous_0)
FN:39,(anonymous_1)
FN:62,(anonymous_2)
FN:100,(anonymous_3)
FN:118,(anonymous_4)
FN:145,(anonymous_5)
FN:165,(anonymous_6)
FN:196,(anonymous_7)
FNF:8
FNH:6
FNDA:5,(anonymous_0)
FNDA:3,(anonymous_1)
FNDA:4,(anonymous_2)
FNDA:3,(anonymous_3)
FNDA:0,(anonymous_4)
FNDA:0,(anonymous_5)
FNDA:1,(anonymous_6)
FNDA:2,(anonymous_7)
DA:1,1
DA:2,1
DA:3,1
DA:4,1
DA:5,1
DA:6,1
DA:7,1
DA:9,1
DA:12,1
DA:15,1
DA:16,5
DA:18,5
DA:21,5
DA:22,1
DA:24,5
DA:25,1
DA:27,5
DA:28,1
DA:31,5
DA:33,5
DA:35,5
DA:39,1
DA:40,3
DA:42,3
DA:54,3
DA:56,3
DA:58,3
DA:62,1
DA:63,4
DA:65,4
DA:70,3
DA:71,1
DA:75,2
DA:76,2
DA:77,2
DA:78,2
DA:79,2
DA:80,1
DA:81,1
DA:84,1
DA:85,0
DA:88,2
DA:89,2
DA:90,2
DA:92,2
DA:94,2
DA:96,2
DA:100,1
DA:101,3
DA:106,3
DA:107,2
DA:110,1
DA:112,1
DA:114,1
DA:118,1
DA:119,0
DA:121,0
DA:126,0
DA:127,0
DA:131,0
DA:137,0
DA:139,0
DA:141,0
DA:145,1
DA:146,0
DA:151,0
DA:152,0
DA:156,0
DA:157,0
DA:159,0
DA:161,0
DA:165,1
DA:166,1
DA:169,1
DA:170,1
DA:171,1
DA:172,1
DA:174,1
DA:190,1
DA:195,1
DA:196,1
DA:197,2
DA:200,1
DA:202,1
DA:213,1
LF:85
LH:69
BRDA:21,0,0,1
BRDA:21,0,1,4
BRDA:21,1,0,5
BRDA:21,1,1,1
BRDA:24,2,0,1
BRDA:24,2,1,4
BRDA:27,3,0,1
BRDA:27,3,1,4
BRDA:27,4,0,5
BRDA:27,4,1,1
BRDA:70,5,0,1
BRDA:70,5,1,2
BRDA:75,6,0,2
BRDA:75,6,1,0
BRDA:76,7,0,0
BRDA:76,7,1,2
BRDA:77,8,0,0
BRDA:77,8,1,2
BRDA:78,9,0,1
BRDA:78,9,1,1
BRDA:79,10,0,1
BRDA:79,10,1,1
BRDA:84,11,0,0
BRDA:84,11,1,1
BRDA:84,12,0,1
BRDA:84,12,1,1
BRDA:84,12,2,1
BRDA:84,12,3,1
BRDA:88,13,0,0
BRDA:88,13,1,2
BRDA:89,14,0,0
BRDA:89,14,1,2
BRDA:90,15,0,0
BRDA:90,15,1,2
BRDA:106,16,0,2
BRDA:106,16,1,1
BRDA:126,17,0,0
BRDA:126,17,1,0
BRDA:151,18,0,0
BRDA:151,18,1,0
BRDA:208,19,0,1
BRDA:208,19,1,0
BRF:42
BRH:30
end_of_record
TN:
SF:services/openai.js
FN:16,parseTask
FN:77,suggestPriority
FN:123,decomposeTask
FN:169,categorizeTask
FNF:4
FNH:0
FNDA:0,parseTask
FNDA:0,suggestPriority
FNDA:0,decomposeTask
FNDA:0,categorizeTask
DA:1,0
DA:4,0
DA:5,0
DA:6,0
DA:17,0
DA:18,0
DA:19,0
DA:21,0
DA:50,0
DA:53,0
DA:54,0
DA:56,0
DA:57,0
DA:59,0
DA:60,0
DA:63,0
DA:65,0
DA:66,0
DA:78,0
DA:79,0
DA:80,0
DA:82,0
DA:84,0
DA:109,0
DA:110,0
DA:112,0
DA:113,0
DA:124,0
DA:125,0
DA:126,0
DA:128,0
DA:155,0
DA:156,0
DA:158,0
DA:159,0
DA:170,0
DA:171,0
DA:172,0
DA:174,0
DA:200,0
DA:201,0
DA:203,0
DA:204,0
DA:208,0
LF:44
LH:0
BRDA:5,0,0,0
BRDA:5,0,1,0
BRDA:5,1,0,0
BRDA:5,1,1,0
BRDA:18,2,0,0
BRDA:18,2,1,0
BRDA:56,3,0,0
BRDA:56,3,1,0
BRDA:59,4,0,0
BRDA:59,4,1,0
BRDA:77,5,0,0
BRDA:77,6,0,0
BRDA:79,7,0,0
BRDA:79,7,1,0
BRDA:82,8,0,0
BRDA:82,8,1,0
BRDA:110,9,0,0
BRDA:110,9,1,0
BRDA:123,10,0,0
BRDA:125,11,0,0
BRDA:125,11,1,0
BRDA:156,12,0,0
BRDA:156,12,1,0
BRDA:169,13,0,0
BRDA:171,14,0,0
BRDA:171,14,1,0
BRDA:201,15,0,0
BRDA:201,15,1,0
BRF:28
BRH:0
end_of_record
TN:
SF:services/recurrenceService.js
FN:6,calculateNextDueDate
FN:21,(anonymous_1)
FN:25,(anonymous_2)
FN:72,getDaysInMonth
FN:79,createNextInstance
FN:97,(anonymous_5)
FN:124,processOverdueRecurrences
FN:166,handleRecurringCompletion
FNF:8
FNH:0
FNDA:0,calculateNextDueDate
FNDA:0,(anonymous_1)
FNDA:0,(anonymous_2)
FNDA:0,getDaysInMonth
FNDA:0,createNextInstance
FNDA:0,(anonymous_5)
FNDA:0,processOverdueRecurrences
FNDA:0,handleRecurringCompletion
DA:1,1
DA:7,0
DA:8,0
DA:10,0
DA:11,0
DA:13,0
DA:15,0
DA:16,0
DA:20,0
DA:21,0
DA:22,0
DA:25,0
DA:27,0
DA:29,0
DA:32,0
DA:33,0
DA:34,0
DA:38,0
DA:40,0
DA:43,0
DA:45,0
DA:46,0
DA:49,0
DA:51,0
DA:54,0
DA:55,0
DA:58,0
DA:62,0
DA:63,0
DA:66,0
DA:73,0
DA:80,0
DA:81,0
DA:83,0
DA:85,0
DA:89,0
DA:97,0
DA:106,0
DA:109,0
DA:110,0
DA:111,0
DA:113,0
DA:115,0
DA:116,0
DA:125,0
DA:126,0
DA:129,0
DA:137,0
DA:139,0
DA:140,0
DA:142,0
DA:147,0
DA:148,0
DA:149,0
DA:150,0
DA:155,0
DA:156,0
DA:158,0
DA:159,0
DA:167,0
DA:168,0
DA:170,0
DA:173,0
DA:174,0
DA:177,0
DA:179,0
DA:180,0
DA:184,1
LF:68
LH:2
BRDA:6,0,0,0
BRDA:8,1,0,0
BRDA:8,1,1,0
BRDA:8,2,0,0
BRDA:8,2,1,0
BRDA:13,3,0,0
BRDA:13,3,1,0
BRDA:13,3,2,0
BRDA:13,3,3,0
BRDA:13,3,4,0
BRDA:20,4,0,0
BRDA:20,4,1,0
BRDA:20,5,0,0
BRDA:20,5,1,0
BRDA:27,6,0,0
BRDA:27,6,1,0
BRDA:43,7,0,0
BRDA:43,7,1,0
BRDA:62,8,0,0
BRDA:62,8,1,0
BRDA:62,9,0,0
BRDA:62,9,1,0
BRDA:83,10,0,0
BRDA:83,10,1,0
BRDA:144,11,0,0
BRDA:144,11,1,0
BRDA:147,12,0,0
BRDA:147,12,1,0
BRDA:149,13,0,0
BRDA:149,13,1,0
BRDA:170,14,0,0
BRDA:170,14,1,0
BRDA:173,15,0,0
BRDA:173,15,1,0
BRDA:173,16,0,0
BRDA:173,16,1,0
BRDA:173,16,2,0
BRF:37
BRH:0
end_of_record
